{"D:\\GitHub\\Another\\new server\\client\\src\\components\\ErrorMessage\\ErrorMessage.jsx": {"path":"D:\\GitHub\\Another\\new server\\client\\src\\components\\ErrorMessage\\ErrorMessage.jsx","statementMap":{"0":{"start":{"line":4,"column":21},"end":{"line":57,"column":1}},"1":{"start":{"line":5,"column":2},"end":{"line":56,"column":8}}},"fnMap":{"0":{"name":"(anonymous_0)","decl":{"start":{"line":4,"column":21},"end":{"line":4,"column":22}},"loc":{"start":{"line":5,"column":2},"end":{"line":56,"column":8}},"line":5}},"branchMap":{},"s":{"0":1,"1":9},"f":{"0":9},"b":{},"_coverageSchema":"1a1c01bbd47fc00a2c39e90264f33305004495a9","hash":"b384dbb2a3f3ad321e0cb8caa234b0d1f63eadb6"}
,"D:\\GitHub\\Another\\new server\\client\\src\\context\\AuthContext.js": {"path":"D:\\GitHub\\Another\\new server\\client\\src\\context\\AuthContext.js","statementMap":{"0":{"start":{"line":3,"column":27},"end":{"line":3,"column":42}}},"fnMap":{},"branchMap":{},"s":{"0":1},"f":{},"b":{},"_coverageSchema":"1a1c01bbd47fc00a2c39e90264f33305004495a9","hash":"0df6d0647e47933b218a710b7eb9a9a2ba392c01"}
,"D:\\GitHub\\Another\\new server\\client\\src\\pages\\AuthPage\\AuthPage.jsx": {"path":"D:\\GitHub\\Another\\new server\\client\\src\\pages\\AuthPage\\AuthPage.jsx","statementMap":{"0":{"start":{"line":8,"column":17},"end":{"line":122,"column":1}},"1":{"start":{"line":9,"column":26},"end":{"line":12,"column":4}},"2":{"start":{"line":13,"column":42},"end":{"line":13,"column":60}},"3":{"start":{"line":14,"column":34},"end":{"line":14,"column":55}},"4":{"start":{"line":15,"column":28},"end":{"line":15,"column":46}},"5":{"start":{"line":16,"column":30},"end":{"line":16,"column":48}},"6":{"start":{"line":17,"column":32},"end":{"line":17,"column":53}},"7":{"start":{"line":19,"column":21},"end":{"line":22,"column":3}},"8":{"start":{"line":20,"column":4},"end":{"line":20,"column":66}},"9":{"start":{"line":21,"column":4},"end":{"line":21,"column":22}},"10":{"start":{"line":24,"column":20},"end":{"line":24,"column":43}},"11":{"start":{"line":26,"column":22},"end":{"line":78,"column":3}},"12":{"start":{"line":27,"column":4},"end":{"line":31,"column":5}},"13":{"start":{"line":28,"column":6},"end":{"line":28,"column":47}},"14":{"start":{"line":29,"column":6},"end":{"line":29,"column":50}},"15":{"start":{"line":29,"column":23},"end":{"line":29,"column":42}},"16":{"start":{"line":30,"column":6},"end":{"line":30,"column":13}},"17":{"start":{"line":32,"column":4},"end":{"line":38,"column":5}},"18":{"start":{"line":33,"column":6},"end":{"line":35,"column":8}},"19":{"start":{"line":36,"column":6},"end":{"line":36,"column":50}},"20":{"start":{"line":36,"column":23},"end":{"line":36,"column":42}},"21":{"start":{"line":37,"column":6},"end":{"line":37,"column":13}},"22":{"start":{"line":39,"column":4},"end":{"line":43,"column":5}},"23":{"start":{"line":40,"column":6},"end":{"line":40,"column":74}},"24":{"start":{"line":41,"column":6},"end":{"line":41,"column":50}},"25":{"start":{"line":41,"column":23},"end":{"line":41,"column":42}},"26":{"start":{"line":42,"column":6},"end":{"line":42,"column":13}},"27":{"start":{"line":44,"column":4},"end":{"line":50,"column":5}},"28":{"start":{"line":45,"column":6},"end":{"line":47,"column":8}},"29":{"start":{"line":48,"column":6},"end":{"line":48,"column":50}},"30":{"start":{"line":48,"column":23},"end":{"line":48,"column":42}},"31":{"start":{"line":49,"column":6},"end":{"line":49,"column":13}},"32":{"start":{"line":51,"column":4},"end":{"line":55,"column":5}},"33":{"start":{"line":52,"column":6},"end":{"line":52,"column":64}},"34":{"start":{"line":53,"column":6},"end":{"line":53,"column":50}},"35":{"start":{"line":53,"column":23},"end":{"line":53,"column":42}},"36":{"start":{"line":54,"column":6},"end":{"line":54,"column":13}},"37":{"start":{"line":56,"column":4},"end":{"line":77,"column":5}},"38":{"start":{"line":57,"column":6},"end":{"line":72,"column":11}},"39":{"start":{"line":68,"column":10},"end":{"line":68,"column":27}},"40":{"start":{"line":69,"column":10},"end":{"line":69,"column":31}},"41":{"start":{"line":70,"column":10},"end":{"line":70,"column":40}},"42":{"start":{"line":71,"column":10},"end":{"line":71,"column":44}},"43":{"start":{"line":74,"column":6},"end":{"line":74,"column":25}},"44":{"start":{"line":75,"column":6},"end":{"line":75,"column":51}},"45":{"start":{"line":76,"column":6},"end":{"line":76,"column":50}},"46":{"start":{"line":76,"column":23},"end":{"line":76,"column":42}},"47":{"start":{"line":80,"column":24},"end":{"line":82,"column":3}},"48":{"start":{"line":81,"column":4},"end":{"line":81,"column":22}},"49":{"start":{"line":83,"column":2},"end":{"line":83,"column":23}},"50":{"start":{"line":84,"column":2},"end":{"line":84,"column":25}},"51":{"start":{"line":85,"column":2},"end":{"line":88,"column":3}},"52":{"start":{"line":86,"column":4},"end":{"line":86,"column":25}},"53":{"start":{"line":87,"column":4},"end":{"line":87,"column":38}},"54":{"start":{"line":90,"column":2},"end":{"line":121,"column":4}}},"fnMap":{"0":{"name":"(anonymous_0)","decl":{"start":{"line":8,"column":17},"end":{"line":8,"column":18}},"loc":{"start":{"line":8,"column":23},"end":{"line":122,"column":1}},"line":8},"1":{"name":"(anonymous_1)","decl":{"start":{"line":19,"column":21},"end":{"line":19,"column":22}},"loc":{"start":{"line":19,"column":32},"end":{"line":22,"column":3}},"line":19},"2":{"name":"(anonymous_2)","decl":{"start":{"line":26,"column":22},"end":{"line":26,"column":23}},"loc":{"start":{"line":26,"column":34},"end":{"line":78,"column":3}},"line":26},"3":{"name":"(anonymous_3)","decl":{"start":{"line":29,"column":17},"end":{"line":29,"column":18}},"loc":{"start":{"line":29,"column":23},"end":{"line":29,"column":42}},"line":29},"4":{"name":"(anonymous_4)","decl":{"start":{"line":36,"column":17},"end":{"line":36,"column":18}},"loc":{"start":{"line":36,"column":23},"end":{"line":36,"column":42}},"line":36},"5":{"name":"(anonymous_5)","decl":{"start":{"line":41,"column":17},"end":{"line":41,"column":18}},"loc":{"start":{"line":41,"column":23},"end":{"line":41,"column":42}},"line":41},"6":{"name":"(anonymous_6)","decl":{"start":{"line":48,"column":17},"end":{"line":48,"column":18}},"loc":{"start":{"line":48,"column":23},"end":{"line":48,"column":42}},"line":48},"7":{"name":"(anonymous_7)","decl":{"start":{"line":53,"column":17},"end":{"line":53,"column":18}},"loc":{"start":{"line":53,"column":23},"end":{"line":53,"column":42}},"line":53},"8":{"name":"(anonymous_8)","decl":{"start":{"line":67,"column":14},"end":{"line":67,"column":15}},"loc":{"start":{"line":67,"column":28},"end":{"line":72,"column":9}},"line":67},"9":{"name":"(anonymous_9)","decl":{"start":{"line":76,"column":17},"end":{"line":76,"column":18}},"loc":{"start":{"line":76,"column":23},"end":{"line":76,"column":42}},"line":76},"10":{"name":"(anonymous_10)","decl":{"start":{"line":80,"column":24},"end":{"line":80,"column":25}},"loc":{"start":{"line":80,"column":36},"end":{"line":82,"column":3}},"line":80}},"branchMap":{"0":{"loc":{"start":{"line":27,"column":4},"end":{"line":31,"column":5}},"type":"if","locations":[{"start":{"line":27,"column":4},"end":{"line":31,"column":5}},{"start":{},"end":{}}],"line":27},"1":{"loc":{"start":{"line":27,"column":10},"end":{"line":27,"column":40}},"type":"binary-expr","locations":[{"start":{"line":27,"column":10},"end":{"line":27,"column":23}},{"start":{"line":27,"column":27},"end":{"line":27,"column":40}}],"line":27},"2":{"loc":{"start":{"line":32,"column":4},"end":{"line":38,"column":5}},"type":"if","locations":[{"start":{"line":32,"column":4},"end":{"line":38,"column":5}},{"start":{},"end":{}}],"line":32},"3":{"loc":{"start":{"line":39,"column":4},"end":{"line":43,"column":5}},"type":"if","locations":[{"start":{"line":39,"column":4},"end":{"line":43,"column":5}},{"start":{},"end":{}}],"line":39},"4":{"loc":{"start":{"line":44,"column":4},"end":{"line":50,"column":5}},"type":"if","locations":[{"start":{"line":44,"column":4},"end":{"line":50,"column":5}},{"start":{},"end":{}}],"line":44},"5":{"loc":{"start":{"line":51,"column":4},"end":{"line":55,"column":5}},"type":"if","locations":[{"start":{"line":51,"column":4},"end":{"line":55,"column":5}},{"start":{},"end":{}}],"line":51},"6":{"loc":{"start":{"line":85,"column":2},"end":{"line":88,"column":3}},"type":"if","locations":[{"start":{"line":85,"column":2},"end":{"line":88,"column":3}},{"start":{},"end":{}}],"line":85},"7":{"loc":{"start":{"line":116,"column":11},"end":{"line":116,"column":82}},"type":"binary-expr","locations":[{"start":{"line":116,"column":11},"end":{"line":116,"column":23}},{"start":{"line":116,"column":27},"end":{"line":116,"column":82}}],"line":116},"8":{"loc":{"start":{"line":117,"column":11},"end":{"line":117,"column":45}},"type":"binary-expr","locations":[{"start":{"line":117,"column":11},"end":{"line":117,"column":19}},{"start":{"line":117,"column":23},"end":{"line":117,"column":45}}],"line":117}},"s":{"0":1,"1":40,"2":40,"3":40,"4":40,"5":40,"6":40,"7":40,"8":17,"9":17,"10":40,"11":40,"12":9,"13":3,"14":3,"15":0,"16":3,"17":6,"18":2,"19":2,"20":0,"21":2,"22":4,"23":2,"24":2,"25":0,"26":2,"27":2,"28":1,"29":1,"30":0,"31":1,"32":1,"33":1,"34":1,"35":0,"36":1,"37":0,"38":0,"39":0,"40":0,"41":0,"42":0,"43":0,"44":0,"45":0,"46":0,"47":40,"48":0,"49":40,"50":40,"51":40,"52":0,"53":0,"54":40},"f":{"0":40,"1":17,"2":9,"3":0,"4":0,"5":0,"6":0,"7":0,"8":0,"9":0,"10":0},"b":{"0":[3,6],"1":[9,7],"2":[2,4],"3":[2,2],"4":[1,1],"5":[1,0],"6":[0,40],"7":[40,9],"8":[40,0]},"_coverageSchema":"1a1c01bbd47fc00a2c39e90264f33305004495a9","hash":"84ead04cd177f334c85141b1f93986b6657ca17d"}
}
