{"D:\\GitHub\\Another\\new server\\controllers\\auth.js": {"path":"D:\\GitHub\\Another\\new server\\controllers\\auth.js","statementMap":{"0":{"start":{"line":8,"column":24},"end":{"line":70,"column":1}},"1":{"start":{"line":9,"column":4},"end":{"line":69,"column":5}},"2":{"start":{"line":11,"column":43},"end":{"line":11,"column":51}},"3":{"start":{"line":12,"column":8},"end":{"line":16,"column":9}},"4":{"start":{"line":13,"column":12},"end":{"line":15,"column":14}},"5":{"start":{"line":18,"column":23},"end":{"line":18,"column":53}},"6":{"start":{"line":19,"column":8},"end":{"line":23,"column":9}},"7":{"start":{"line":20,"column":12},"end":{"line":22,"column":14}},"8":{"start":{"line":25,"column":23},"end":{"line":25,"column":54}},"9":{"start":{"line":26,"column":8},"end":{"line":30,"column":9}},"10":{"start":{"line":27,"column":12},"end":{"line":29,"column":14}},"11":{"start":{"line":31,"column":23},"end":{"line":31,"column":33}},"12":{"start":{"line":33,"column":21},"end":{"line":33,"column":43}},"13":{"start":{"line":34,"column":21},"end":{"line":34,"column":52}},"14":{"start":{"line":37,"column":19},"end":{"line":37,"column":26936}},"15":{"start":{"line":40,"column":24},"end":{"line":47,"column":10}},"16":{"start":{"line":49,"column":22},"end":{"line":55,"column":9}},"17":{"start":{"line":57,"column":8},"end":{"line":57,"column":28}},"18":{"start":{"line":59,"column":8},"end":{"line":59,"column":27}},"19":{"start":{"line":61,"column":8},"end":{"line":65,"column":10}},"20":{"start":{"line":67,"column":8},"end":{"line":67,"column":26}},"21":{"start":{"line":68,"column":8},"end":{"line":68,"column":65}},"22":{"start":{"line":73,"column":21},"end":{"line":108,"column":1}},"23":{"start":{"line":74,"column":4},"end":{"line":107,"column":5}},"24":{"start":{"line":76,"column":37},"end":{"line":76,"column":45}},"25":{"start":{"line":77,"column":21},"end":{"line":77,"column":51}},"26":{"start":{"line":78,"column":8},"end":{"line":82,"column":9}},"27":{"start":{"line":79,"column":12},"end":{"line":81,"column":14}},"28":{"start":{"line":85,"column":34},"end":{"line":85,"column":79}},"29":{"start":{"line":86,"column":8},"end":{"line":90,"column":9}},"30":{"start":{"line":87,"column":12},"end":{"line":89,"column":14}},"31":{"start":{"line":92,"column":22},"end":{"line":98,"column":9}},"32":{"start":{"line":100,"column":8},"end":{"line":104,"column":10}},"33":{"start":{"line":106,"column":8},"end":{"line":106,"column":66}},"34":{"start":{"line":111,"column":26},"end":{"line":154,"column":1}},"35":{"start":{"line":112,"column":4},"end":{"line":153,"column":5}},"36":{"start":{"line":114,"column":31},"end":{"line":114,"column":40}},"37":{"start":{"line":115,"column":8},"end":{"line":115,"column":40}},"38":{"start":{"line":117,"column":23},"end":{"line":117,"column":56}},"39":{"start":{"line":118,"column":21},"end":{"line":118,"column":52}},"40":{"start":{"line":121,"column":8},"end":{"line":125,"column":9}},"41":{"start":{"line":122,"column":12},"end":{"line":124,"column":14}},"42":{"start":{"line":128,"column":27},"end":{"line":128,"column":82}},"43":{"start":{"line":129,"column":27},"end":{"line":129,"column":31}},"44":{"start":{"line":130,"column":9},"end":{"line":134,"column":10}},"45":{"start":{"line":132,"column":12},"end":{"line":132,"column":46}},"46":{"start":{"line":133,"column":12},"end":{"line":133,"column":31}},"47":{"start":{"line":137,"column":21},"end":{"line":137,"column":56}},"48":{"start":{"line":140,"column":25},"end":{"line":140,"column":65}},"49":{"start":{"line":142,"column":8},"end":{"line":148,"column":10}},"50":{"start":{"line":151,"column":8},"end":{"line":151,"column":26}},"51":{"start":{"line":152,"column":8},"end":{"line":152,"column":54}},"52":{"start":{"line":157,"column":21},"end":{"line":180,"column":1}},"53":{"start":{"line":158,"column":4},"end":{"line":179,"column":5}},"54":{"start":{"line":160,"column":21},"end":{"line":160,"column":64}},"55":{"start":{"line":161,"column":8},"end":{"line":161,"column":50}},"56":{"start":{"line":162,"column":8},"end":{"line":166,"column":9}},"57":{"start":{"line":163,"column":12},"end":{"line":165,"column":14}},"58":{"start":{"line":169,"column":25},"end":{"line":169,"column":75}},"59":{"start":{"line":171,"column":8},"end":{"line":175,"column":10}},"60":{"start":{"line":177,"column":8},"end":{"line":177,"column":26}},"61":{"start":{"line":178,"column":8},"end":{"line":178,"column":46}},"62":{"start":{"line":183,"column":24},"end":{"line":224,"column":1}},"63":{"start":{"line":184,"column":4},"end":{"line":223,"column":5}},"64":{"start":{"line":186,"column":35},"end":{"line":186,"column":50}},"65":{"start":{"line":188,"column":21},"end":{"line":188,"column":53}},"66":{"start":{"line":189,"column":8},"end":{"line":193,"column":9}},"67":{"start":{"line":190,"column":12},"end":{"line":192,"column":14}},"68":{"start":{"line":194,"column":8},"end":{"line":194,"column":45}},"69":{"start":{"line":196,"column":22},"end":{"line":196,"column":57}},"70":{"start":{"line":197,"column":8},"end":{"line":201,"column":9}},"71":{"start":{"line":198,"column":12},"end":{"line":200,"column":14}},"72":{"start":{"line":202,"column":21},"end":{"line":202,"column":26}},"73":{"start":{"line":204,"column":21},"end":{"line":204,"column":81}},"74":{"start":{"line":207,"column":8},"end":{"line":214,"column":9}},"75":{"start":{"line":208,"column":12},"end":{"line":208,"column":84}},"76":{"start":{"line":209,"column":12},"end":{"line":209,"column":26}},"77":{"start":{"line":212,"column":12},"end":{"line":212,"column":84}},"78":{"start":{"line":213,"column":12},"end":{"line":213,"column":25}},"79":{"start":{"line":216,"column":8},"end":{"line":219,"column":10}},"80":{"start":{"line":221,"column":8},"end":{"line":221,"column":26}},"81":{"start":{"line":222,"column":8},"end":{"line":222,"column":62}},"82":{"start":{"line":227,"column":22},"end":{"line":257,"column":1}},"83":{"start":{"line":228,"column":4},"end":{"line":256,"column":5}},"84":{"start":{"line":230,"column":23},"end":{"line":230,"column":32}},"85":{"start":{"line":231,"column":8},"end":{"line":235,"column":9}},"86":{"start":{"line":232,"column":12},"end":{"line":234,"column":14}},"87":{"start":{"line":238,"column":21},"end":{"line":238,"column":87}},"88":{"start":{"line":239,"column":8},"end":{"line":243,"column":9}},"89":{"start":{"line":240,"column":12},"end":{"line":242,"column":14}},"90":{"start":{"line":244,"column":8},"end":{"line":248,"column":12}},"91":{"start":{"line":246,"column":14},"end":{"line":246,"column":60}},"92":{"start":{"line":249,"column":8},"end":{"line":252,"column":10}},"93":{"start":{"line":254,"column":8},"end":{"line":254,"column":26}},"94":{"start":{"line":255,"column":8},"end":{"line":255,"column":71}}},"fnMap":{"0":{"name":"(anonymous_0)","decl":{"start":{"line":8,"column":24},"end":{"line":8,"column":25}},"loc":{"start":{"line":8,"column":44},"end":{"line":70,"column":1}},"line":8},"1":{"name":"(anonymous_1)","decl":{"start":{"line":73,"column":21},"end":{"line":73,"column":22}},"loc":{"start":{"line":73,"column":41},"end":{"line":108,"column":1}},"line":73},"2":{"name":"(anonymous_2)","decl":{"start":{"line":111,"column":26},"end":{"line":111,"column":27}},"loc":{"start":{"line":111,"column":46},"end":{"line":154,"column":1}},"line":111},"3":{"name":"(anonymous_3)","decl":{"start":{"line":157,"column":21},"end":{"line":157,"column":22}},"loc":{"start":{"line":157,"column":41},"end":{"line":180,"column":1}},"line":157},"4":{"name":"(anonymous_4)","decl":{"start":{"line":183,"column":24},"end":{"line":183,"column":25}},"loc":{"start":{"line":183,"column":44},"end":{"line":224,"column":1}},"line":183},"5":{"name":"(anonymous_5)","decl":{"start":{"line":227,"column":22},"end":{"line":227,"column":23}},"loc":{"start":{"line":227,"column":42},"end":{"line":257,"column":1}},"line":227},"6":{"name":"(anonymous_6)","decl":{"start":{"line":245,"column":23},"end":{"line":245,"column":24}},"loc":{"start":{"line":245,"column":33},"end":{"line":247,"column":13}},"line":245}},"branchMap":{"0":{"loc":{"start":{"line":12,"column":8},"end":{"line":16,"column":9}},"type":"if","locations":[{"start":{"line":12,"column":8},"end":{"line":16,"column":9}},{"start":{},"end":{}}],"line":12},"1":{"loc":{"start":{"line":12,"column":12},"end":{"line":12,"column":58}},"type":"binary-expr","locations":[{"start":{"line":12,"column":12},"end":{"line":12,"column":26}},{"start":{"line":12,"column":30},"end":{"line":12,"column":44}},{"start":{"line":12,"column":48},"end":{"line":12,"column":58}}],"line":12},"2":{"loc":{"start":{"line":19,"column":8},"end":{"line":23,"column":9}},"type":"if","locations":[{"start":{"line":19,"column":8},"end":{"line":23,"column":9}},{"start":{},"end":{}}],"line":19},"3":{"loc":{"start":{"line":26,"column":8},"end":{"line":30,"column":9}},"type":"if","locations":[{"start":{"line":26,"column":8},"end":{"line":30,"column":9}},{"start":{},"end":{}}],"line":26},"4":{"loc":{"start":{"line":78,"column":8},"end":{"line":82,"column":9}},"type":"if","locations":[{"start":{"line":78,"column":8},"end":{"line":82,"column":9}},{"start":{},"end":{}}],"line":78},"5":{"loc":{"start":{"line":86,"column":8},"end":{"line":90,"column":9}},"type":"if","locations":[{"start":{"line":86,"column":8},"end":{"line":90,"column":9}},{"start":{},"end":{}}],"line":86},"6":{"loc":{"start":{"line":121,"column":8},"end":{"line":125,"column":9}},"type":"if","locations":[{"start":{"line":121,"column":8},"end":{"line":125,"column":9}},{"start":{},"end":{}}],"line":121},"7":{"loc":{"start":{"line":121,"column":12},"end":{"line":121,"column":24}},"type":"binary-expr","locations":[{"start":{"line":121,"column":12},"end":{"line":121,"column":17}},{"start":{"line":121,"column":21},"end":{"line":121,"column":24}}],"line":121},"8":{"loc":{"start":{"line":130,"column":9},"end":{"line":134,"column":10}},"type":"if","locations":[{"start":{"line":130,"column":9},"end":{"line":134,"column":10}},{"start":{},"end":{}}],"line":130},"9":{"loc":{"start":{"line":162,"column":8},"end":{"line":166,"column":9}},"type":"if","locations":[{"start":{"line":162,"column":8},"end":{"line":166,"column":9}},{"start":{},"end":{}}],"line":162},"10":{"loc":{"start":{"line":189,"column":8},"end":{"line":193,"column":9}},"type":"if","locations":[{"start":{"line":189,"column":8},"end":{"line":193,"column":9}},{"start":{},"end":{}}],"line":189},"11":{"loc":{"start":{"line":197,"column":8},"end":{"line":201,"column":9}},"type":"if","locations":[{"start":{"line":197,"column":8},"end":{"line":201,"column":9}},{"start":{},"end":{}}],"line":197},"12":{"loc":{"start":{"line":207,"column":8},"end":{"line":214,"column":9}},"type":"if","locations":[{"start":{"line":207,"column":8},"end":{"line":214,"column":9}},{"start":{"line":211,"column":12},"end":{"line":214,"column":9}}],"line":207},"13":{"loc":{"start":{"line":231,"column":8},"end":{"line":235,"column":9}},"type":"if","locations":[{"start":{"line":231,"column":8},"end":{"line":235,"column":9}},{"start":{},"end":{}}],"line":231},"14":{"loc":{"start":{"line":239,"column":8},"end":{"line":243,"column":9}},"type":"if","locations":[{"start":{"line":239,"column":8},"end":{"line":243,"column":9}},{"start":{},"end":{}}],"line":239}},"s":{"0":1,"1":0,"2":0,"3":0,"4":0,"5":0,"6":0,"7":0,"8":0,"9":0,"10":0,"11":0,"12":0,"13":0,"14":0,"15":0,"16":0,"17":0,"18":0,"19":0,"20":0,"21":0,"22":1,"23":0,"24":0,"25":0,"26":0,"27":0,"28":0,"29":0,"30":0,"31":0,"32":0,"33":0,"34":1,"35":0,"36":0,"37":0,"38":0,"39":0,"40":0,"41":0,"42":0,"43":0,"44":0,"45":0,"46":0,"47":0,"48":0,"49":0,"50":0,"51":0,"52":1,"53":0,"54":0,"55":0,"56":0,"57":0,"58":0,"59":0,"60":0,"61":0,"62":1,"63":0,"64":0,"65":0,"66":0,"67":0,"68":0,"69":0,"70":0,"71":0,"72":0,"73":0,"74":0,"75":0,"76":0,"77":0,"78":0,"79":0,"80":0,"81":0,"82":1,"83":0,"84":0,"85":0,"86":0,"87":0,"88":0,"89":0,"90":0,"91":0,"92":0,"93":0,"94":0},"f":{"0":0,"1":0,"2":0,"3":0,"4":0,"5":0,"6":0},"b":{"0":[0,0],"1":[0,0,0],"2":[0,0],"3":[0,0],"4":[0,0],"5":[0,0],"6":[0,0],"7":[0,0],"8":[0,0],"9":[0,0],"10":[0,0],"11":[0,0],"12":[0,0],"13":[0,0],"14":[0,0]},"_coverageSchema":"1a1c01bbd47fc00a2c39e90264f33305004495a9","hash":"eb86d98c933ebbda93079f722dea1ba3c8784749"}
,"D:\\GitHub\\Another\\new server\\controllers\\city.js": {"path":"D:\\GitHub\\Another\\new server\\controllers\\city.js","statementMap":{"0":{"start":{"line":4,"column":23},"end":{"line":21,"column":1}},"1":{"start":{"line":5,"column":4},"end":{"line":20,"column":5}},"2":{"start":{"line":6,"column":23},"end":{"line":6,"column":68}},"3":{"start":{"line":7,"column":8},"end":{"line":11,"column":9}},"4":{"start":{"line":8,"column":12},"end":{"line":10,"column":14}},"5":{"start":{"line":12,"column":8},"end":{"line":15,"column":10}},"6":{"start":{"line":17,"column":8},"end":{"line":19,"column":10}},"7":{"start":{"line":24,"column":26},"end":{"line":36,"column":1}},"8":{"start":{"line":25,"column":4},"end":{"line":35,"column":5}},"9":{"start":{"line":26,"column":21},"end":{"line":26,"column":38}},"10":{"start":{"line":27,"column":8},"end":{"line":30,"column":10}},"11":{"start":{"line":32,"column":8},"end":{"line":34,"column":10}}},"fnMap":{"0":{"name":"(anonymous_0)","decl":{"start":{"line":4,"column":23},"end":{"line":4,"column":24}},"loc":{"start":{"line":4,"column":43},"end":{"line":21,"column":1}},"line":4},"1":{"name":"(anonymous_1)","decl":{"start":{"line":24,"column":26},"end":{"line":24,"column":27}},"loc":{"start":{"line":24,"column":46},"end":{"line":36,"column":1}},"line":24}},"branchMap":{"0":{"loc":{"start":{"line":7,"column":8},"end":{"line":11,"column":9}},"type":"if","locations":[{"start":{"line":7,"column":8},"end":{"line":11,"column":9}},{"start":{},"end":{}}],"line":7}},"s":{"0":1,"1":0,"2":0,"3":0,"4":0,"5":0,"6":0,"7":1,"8":0,"9":0,"10":0,"11":0},"f":{"0":0,"1":0},"b":{"0":[0,0]},"_coverageSchema":"1a1c01bbd47fc00a2c39e90264f33305004495a9","hash":"2ece140b056959449bbcf663a57eba862083228d"}
,"D:\\GitHub\\Another\\new server\\controllers\\comments.js": {"path":"D:\\GitHub\\Another\\new server\\controllers\\comments.js","statementMap":{"0":{"start":{"line":6,"column":29},"end":{"line":41,"column":1}},"1":{"start":{"line":7,"column":4},"end":{"line":40,"column":5}},"2":{"start":{"line":9,"column":44},"end":{"line":9,"column":53}},"3":{"start":{"line":11,"column":23},"end":{"line":11,"column":58}},"4":{"start":{"line":12,"column":8},"end":{"line":14,"column":9}},"5":{"start":{"line":13,"column":12},"end":{"line":13,"column":77}},"6":{"start":{"line":16,"column":23},"end":{"line":16,"column":58}},"7":{"start":{"line":17,"column":8},"end":{"line":19,"column":9}},"8":{"start":{"line":18,"column":12},"end":{"line":18,"column":70}},"9":{"start":{"line":22,"column":8},"end":{"line":23,"column":88}},"10":{"start":{"line":23,"column":12},"end":{"line":23,"column":88}},"11":{"start":{"line":26,"column":27},"end":{"line":26,"column":67}},"12":{"start":{"line":27,"column":8},"end":{"line":27,"column":31}},"13":{"start":{"line":30,"column":8},"end":{"line":32,"column":10}},"14":{"start":{"line":34,"column":8},"end":{"line":37,"column":10}},"15":{"start":{"line":39,"column":8},"end":{"line":39,"column":78}}},"fnMap":{"0":{"name":"(anonymous_0)","decl":{"start":{"line":6,"column":29},"end":{"line":6,"column":30}},"loc":{"start":{"line":6,"column":49},"end":{"line":41,"column":1}},"line":6}},"branchMap":{"0":{"loc":{"start":{"line":12,"column":8},"end":{"line":14,"column":9}},"type":"if","locations":[{"start":{"line":12,"column":8},"end":{"line":14,"column":9}},{"start":{},"end":{}}],"line":12},"1":{"loc":{"start":{"line":17,"column":8},"end":{"line":19,"column":9}},"type":"if","locations":[{"start":{"line":17,"column":8},"end":{"line":19,"column":9}},{"start":{},"end":{}}],"line":17},"2":{"loc":{"start":{"line":22,"column":8},"end":{"line":23,"column":88}},"type":"if","locations":[{"start":{"line":22,"column":8},"end":{"line":23,"column":88}},{"start":{},"end":{}}],"line":22}},"s":{"0":1,"1":0,"2":0,"3":0,"4":0,"5":0,"6":0,"7":0,"8":0,"9":0,"10":0,"11":0,"12":0,"13":0,"14":0,"15":0},"f":{"0":0},"b":{"0":[0,0],"1":[0,0],"2":[0,0]},"_coverageSchema":"1a1c01bbd47fc00a2c39e90264f33305004495a9","hash":"bb56af5cc96d472cb5f59529315680a259e4c94e"}
,"D:\\GitHub\\Another\\new server\\controllers\\getPopularPosts.js": {"path":"D:\\GitHub\\Another\\new server\\controllers\\getPopularPosts.js","statementMap":{"0":{"start":{"line":67,"column":26},"end":{"line":145,"column":1}},"1":{"start":{"line":68,"column":2},"end":{"line":144,"column":3}},"2":{"start":{"line":70,"column":19},"end":{"line":70,"column":28}},"3":{"start":{"line":71,"column":4},"end":{"line":71,"column":31}},"4":{"start":{"line":72,"column":15},"end":{"line":72,"column":44}},"5":{"start":{"line":73,"column":4},"end":{"line":78,"column":5}},"6":{"start":{"line":75,"column":6},"end":{"line":77,"column":9}},"7":{"start":{"line":79,"column":4},"end":{"line":79,"column":21}},"8":{"start":{"line":81,"column":18},"end":{"line":81,"column":76}},"9":{"start":{"line":89,"column":4},"end":{"line":93,"column":5}},"10":{"start":{"line":90,"column":6},"end":{"line":92,"column":9}},"11":{"start":{"line":97,"column":15},"end":{"line":97,"column":25}},"12":{"start":{"line":98,"column":4},"end":{"line":98,"column":29}},"13":{"start":{"line":100,"column":22},"end":{"line":100,"column":66}},"14":{"start":{"line":101,"column":4},"end":{"line":101,"column":34}},"15":{"start":{"line":103,"column":20},"end":{"line":103,"column":22}},"16":{"start":{"line":105,"column":12},"end":{"line":105,"column":13}},"17":{"start":{"line":107,"column":19},"end":{"line":107,"column":48}},"18":{"start":{"line":108,"column":4},"end":{"line":108,"column":33}},"19":{"start":{"line":111,"column":4},"end":{"line":133,"column":5}},"20":{"start":{"line":112,"column":27},"end":{"line":112,"column":29}},"21":{"start":{"line":113,"column":8},"end":{"line":113,"column":22}},"22":{"start":{"line":115,"column":8},"end":{"line":124,"column":9}},"23":{"start":{"line":117,"column":12},"end":{"line":117,"column":37}},"24":{"start":{"line":118,"column":12},"end":{"line":118,"column":15}},"25":{"start":{"line":119,"column":12},"end":{"line":123,"column":13}},"26":{"start":{"line":121,"column":16},"end":{"line":121,"column":56}},"27":{"start":{"line":122,"column":16},"end":{"line":122,"column":45}},"28":{"start":{"line":125,"column":8},"end":{"line":131,"column":9}},"29":{"start":{"line":126,"column":12},"end":{"line":126,"column":197}},"30":{"start":{"line":129,"column":12},"end":{"line":129,"column":36}},"31":{"start":{"line":130,"column":12},"end":{"line":130,"column":184}},"32":{"start":{"line":132,"column":8},"end":{"line":132,"column":40}},"33":{"start":{"line":135,"column":4},"end":{"line":138,"column":9}},"34":{"start":{"line":140,"column":4},"end":{"line":140,"column":23}},"35":{"start":{"line":141,"column":4},"end":{"line":143,"column":60}},"36":{"start":{"line":149,"column":2},"end":{"line":151,"column":3}},"37":{"start":{"line":150,"column":4},"end":{"line":150,"column":13}},"38":{"start":{"line":152,"column":2},"end":{"line":154,"column":3}},"39":{"start":{"line":153,"column":4},"end":{"line":153,"column":14}},"40":{"start":{"line":155,"column":2},"end":{"line":155,"column":11}}},"fnMap":{"0":{"name":"(anonymous_0)","decl":{"start":{"line":67,"column":26},"end":{"line":67,"column":27}},"loc":{"start":{"line":67,"column":46},"end":{"line":145,"column":1}},"line":67},"1":{"name":"compare","decl":{"start":{"line":148,"column":9},"end":{"line":148,"column":16}},"loc":{"start":{"line":148,"column":25},"end":{"line":156,"column":1}},"line":148}},"branchMap":{"0":{"loc":{"start":{"line":73,"column":4},"end":{"line":78,"column":5}},"type":"if","locations":[{"start":{"line":73,"column":4},"end":{"line":78,"column":5}},{"start":{},"end":{}}],"line":73},"1":{"loc":{"start":{"line":89,"column":4},"end":{"line":93,"column":5}},"type":"if","locations":[{"start":{"line":89,"column":4},"end":{"line":93,"column":5}},{"start":{},"end":{}}],"line":89},"2":{"loc":{"start":{"line":89,"column":8},"end":{"line":89,"column":35}},"type":"binary-expr","locations":[{"start":{"line":89,"column":8},"end":{"line":89,"column":14}},{"start":{"line":89,"column":18},"end":{"line":89,"column":35}}],"line":89},"3":{"loc":{"start":{"line":115,"column":15},"end":{"line":115,"column":54}},"type":"binary-expr","locations":[{"start":{"line":115,"column":15},"end":{"line":115,"column":31}},{"start":{"line":115,"column":35},"end":{"line":115,"column":54}}],"line":115},"4":{"loc":{"start":{"line":119,"column":12},"end":{"line":123,"column":13}},"type":"if","locations":[{"start":{"line":119,"column":12},"end":{"line":123,"column":13}},{"start":{},"end":{}}],"line":119},"5":{"loc":{"start":{"line":125,"column":8},"end":{"line":131,"column":9}},"type":"if","locations":[{"start":{"line":125,"column":8},"end":{"line":131,"column":9}},{"start":{"line":128,"column":13},"end":{"line":131,"column":9}}],"line":125},"6":{"loc":{"start":{"line":126,"column":35},"end":{"line":126,"column":65}},"type":"cond-expr","locations":[{"start":{"line":126,"column":59},"end":{"line":126,"column":60}},{"start":{"line":126,"column":63},"end":{"line":126,"column":65}}],"line":126},"7":{"loc":{"start":{"line":126,"column":86},"end":{"line":126,"column":118}},"type":"cond-expr","locations":[{"start":{"line":126,"column":112},"end":{"line":126,"column":113}},{"start":{"line":126,"column":116},"end":{"line":126,"column":118}}],"line":126},"8":{"loc":{"start":{"line":130,"column":35},"end":{"line":130,"column":65}},"type":"cond-expr","locations":[{"start":{"line":130,"column":59},"end":{"line":130,"column":60}},{"start":{"line":130,"column":63},"end":{"line":130,"column":65}}],"line":130},"9":{"loc":{"start":{"line":130,"column":86},"end":{"line":130,"column":118}},"type":"cond-expr","locations":[{"start":{"line":130,"column":112},"end":{"line":130,"column":113}},{"start":{"line":130,"column":116},"end":{"line":130,"column":118}}],"line":130},"10":{"loc":{"start":{"line":149,"column":2},"end":{"line":151,"column":3}},"type":"if","locations":[{"start":{"line":149,"column":2},"end":{"line":151,"column":3}},{"start":{},"end":{}}],"line":149},"11":{"loc":{"start":{"line":152,"column":2},"end":{"line":154,"column":3}},"type":"if","locations":[{"start":{"line":152,"column":2},"end":{"line":154,"column":3}},{"start":{},"end":{}}],"line":152}},"s":{"0":1,"1":0,"2":0,"3":0,"4":0,"5":0,"6":0,"7":0,"8":0,"9":0,"10":0,"11":0,"12":0,"13":0,"14":0,"15":0,"16":0,"17":0,"18":0,"19":0,"20":0,"21":0,"22":0,"23":0,"24":0,"25":0,"26":0,"27":0,"28":0,"29":0,"30":0,"31":0,"32":0,"33":0,"34":0,"35":0,"36":0,"37":0,"38":0,"39":0,"40":0},"f":{"0":0,"1":0},"b":{"0":[0,0],"1":[0,0],"2":[0,0],"3":[0,0],"4":[0,0],"5":[0,0],"6":[0,0],"7":[0,0],"8":[0,0],"9":[0,0],"10":[0,0],"11":[0,0]},"_coverageSchema":"1a1c01bbd47fc00a2c39e90264f33305004495a9","hash":"8ba7dea6c837efbd67ba06c17037fcb0e92622f5"}
,"D:\\GitHub\\Another\\new server\\controllers\\getSubscriptionPosts.js": {"path":"D:\\GitHub\\Another\\new server\\controllers\\getSubscriptionPosts.js","statementMap":{"0":{"start":{"line":5,"column":36},"end":{"line":53,"column":1}},"1":{"start":{"line":6,"column":4},"end":{"line":52,"column":5}},"2":{"start":{"line":8,"column":20},"end":{"line":8,"column":29}},"3":{"start":{"line":9,"column":8},"end":{"line":9,"column":33}},"4":{"start":{"line":10,"column":21},"end":{"line":10,"column":50}},"5":{"start":{"line":11,"column":8},"end":{"line":15,"column":9}},"6":{"start":{"line":12,"column":12},"end":{"line":14,"column":15}},"7":{"start":{"line":18,"column":30},"end":{"line":18,"column":48}},"8":{"start":{"line":19,"column":8},"end":{"line":19,"column":34}},"9":{"start":{"line":20,"column":8},"end":{"line":22,"column":9}},"10":{"start":{"line":21,"column":12},"end":{"line":21,"column":67}},"11":{"start":{"line":25,"column":30},"end":{"line":25,"column":32}},"12":{"start":{"line":26,"column":8},"end":{"line":37,"column":9}},"13":{"start":{"line":26,"column":21},"end":{"line":26,"column":22}},"14":{"start":{"line":27,"column":26},"end":{"line":27,"column":72}},"15":{"start":{"line":28,"column":12},"end":{"line":30,"column":13}},"16":{"start":{"line":29,"column":16},"end":{"line":29,"column":24}},"17":{"start":{"line":31,"column":12},"end":{"line":33,"column":13}},"18":{"start":{"line":32,"column":16},"end":{"line":32,"column":36}},"19":{"start":{"line":34,"column":12},"end":{"line":36,"column":13}},"20":{"start":{"line":34,"column":25},"end":{"line":34,"column":26}},"21":{"start":{"line":35,"column":16},"end":{"line":35,"column":44}},"22":{"start":{"line":38,"column":8},"end":{"line":40,"column":9}},"23":{"start":{"line":39,"column":12},"end":{"line":39,"column":84}},"24":{"start":{"line":42,"column":8},"end":{"line":44,"column":9}},"25":{"start":{"line":43,"column":12},"end":{"line":43,"column":43}},"26":{"start":{"line":45,"column":8},"end":{"line":48,"column":10}},"27":{"start":{"line":50,"column":8},"end":{"line":50,"column":26}},"28":{"start":{"line":51,"column":8},"end":{"line":51,"column":88}},"29":{"start":{"line":56,"column":4},"end":{"line":56,"column":48}}},"fnMap":{"0":{"name":"(anonymous_0)","decl":{"start":{"line":5,"column":36},"end":{"line":5,"column":37}},"loc":{"start":{"line":5,"column":56},"end":{"line":53,"column":1}},"line":5},"1":{"name":"sortByDate","decl":{"start":{"line":55,"column":9},"end":{"line":55,"column":19}},"loc":{"start":{"line":55,"column":35},"end":{"line":57,"column":1}},"line":55}},"branchMap":{"0":{"loc":{"start":{"line":11,"column":8},"end":{"line":15,"column":9}},"type":"if","locations":[{"start":{"line":11,"column":8},"end":{"line":15,"column":9}},{"start":{},"end":{}}],"line":11},"1":{"loc":{"start":{"line":20,"column":8},"end":{"line":22,"column":9}},"type":"if","locations":[{"start":{"line":20,"column":8},"end":{"line":22,"column":9}},{"start":{},"end":{}}],"line":20},"2":{"loc":{"start":{"line":20,"column":12},"end":{"line":20,"column":60}},"type":"binary-expr","locations":[{"start":{"line":20,"column":12},"end":{"line":20,"column":33}},{"start":{"line":20,"column":37},"end":{"line":20,"column":60}}],"line":20},"3":{"loc":{"start":{"line":28,"column":12},"end":{"line":30,"column":13}},"type":"if","locations":[{"start":{"line":28,"column":12},"end":{"line":30,"column":13}},{"start":{},"end":{}}],"line":28},"4":{"loc":{"start":{"line":31,"column":12},"end":{"line":33,"column":13}},"type":"if","locations":[{"start":{"line":31,"column":12},"end":{"line":33,"column":13}},{"start":{},"end":{}}],"line":31},"5":{"loc":{"start":{"line":38,"column":8},"end":{"line":40,"column":9}},"type":"if","locations":[{"start":{"line":38,"column":8},"end":{"line":40,"column":9}},{"start":{},"end":{}}],"line":38},"6":{"loc":{"start":{"line":38,"column":12},"end":{"line":38,"column":55}},"type":"binary-expr","locations":[{"start":{"line":38,"column":12},"end":{"line":38,"column":26}},{"start":{"line":38,"column":30},"end":{"line":38,"column":55}}],"line":38},"7":{"loc":{"start":{"line":42,"column":8},"end":{"line":44,"column":9}},"type":"if","locations":[{"start":{"line":42,"column":8},"end":{"line":44,"column":9}},{"start":{},"end":{}}],"line":42}},"s":{"0":1,"1":0,"2":0,"3":0,"4":0,"5":0,"6":0,"7":0,"8":0,"9":0,"10":0,"11":0,"12":0,"13":0,"14":0,"15":0,"16":0,"17":0,"18":0,"19":0,"20":0,"21":0,"22":0,"23":0,"24":0,"25":0,"26":0,"27":0,"28":0,"29":0},"f":{"0":0,"1":0},"b":{"0":[0,0],"1":[0,0],"2":[0,0],"3":[0,0],"4":[0,0],"5":[0,0],"6":[0,0],"7":[0,0]},"_coverageSchema":"1a1c01bbd47fc00a2c39e90264f33305004495a9","hash":"14257cc24641a9bd16cc4be979a10342f6e36285"}
,"D:\\GitHub\\Another\\new server\\controllers\\post.js": {"path":"D:\\GitHub\\Another\\new server\\controllers\\post.js","statementMap":{"0":{"start":{"line":6,"column":27},"end":{"line":37,"column":1}},"1":{"start":{"line":7,"column":2},"end":{"line":36,"column":3}},"2":{"start":{"line":8,"column":19},"end":{"line":8,"column":28}},"3":{"start":{"line":9,"column":19},"end":{"line":9,"column":50}},"4":{"start":{"line":10,"column":4},"end":{"line":14,"column":5}},"5":{"start":{"line":11,"column":6},"end":{"line":13,"column":9}},"6":{"start":{"line":16,"column":18},"end":{"line":16,"column":48}},"7":{"start":{"line":17,"column":4},"end":{"line":17,"column":32}},"8":{"start":{"line":19,"column":18},"end":{"line":19,"column":60}},"9":{"start":{"line":20,"column":4},"end":{"line":20,"column":24}},"10":{"start":{"line":21,"column":4},"end":{"line":21,"column":26}},"11":{"start":{"line":22,"column":4},"end":{"line":22,"column":24}},"12":{"start":{"line":23,"column":17},"end":{"line":23,"column":57}},"13":{"start":{"line":24,"column":4},"end":{"line":24,"column":23}},"14":{"start":{"line":26,"column":4},"end":{"line":30,"column":7}},"15":{"start":{"line":32,"column":4},"end":{"line":32,"column":23}},"16":{"start":{"line":33,"column":4},"end":{"line":35,"column":7}},"17":{"start":{"line":39,"column":25},"end":{"line":65,"column":1}},"18":{"start":{"line":40,"column":2},"end":{"line":64,"column":3}},"19":{"start":{"line":41,"column":19},"end":{"line":41,"column":59}},"20":{"start":{"line":42,"column":4},"end":{"line":46,"column":5}},"21":{"start":{"line":43,"column":6},"end":{"line":45,"column":9}},"22":{"start":{"line":48,"column":19},"end":{"line":48,"column":60}},"23":{"start":{"line":49,"column":4},"end":{"line":53,"column":5}},"24":{"start":{"line":50,"column":6},"end":{"line":52,"column":9}},"25":{"start":{"line":55,"column":4},"end":{"line":58,"column":7}},"26":{"start":{"line":60,"column":4},"end":{"line":60,"column":23}},"27":{"start":{"line":61,"column":4},"end":{"line":63,"column":7}},"28":{"start":{"line":67,"column":31},"end":{"line":104,"column":1}},"29":{"start":{"line":68,"column":2},"end":{"line":103,"column":3}},"30":{"start":{"line":69,"column":17},"end":{"line":69,"column":50}},"31":{"start":{"line":70,"column":4},"end":{"line":74,"column":5}},"32":{"start":{"line":71,"column":6},"end":{"line":73,"column":9}},"33":{"start":{"line":75,"column":17},"end":{"line":79,"column":5}},"34":{"start":{"line":77,"column":8},"end":{"line":77,"column":41}},"35":{"start":{"line":80,"column":16},"end":{"line":80,"column":75}},"36":{"start":{"line":80,"column":33},"end":{"line":80,"column":73}},"37":{"start":{"line":81,"column":18},"end":{"line":85,"column":5}},"38":{"start":{"line":83,"column":8},"end":{"line":83,"column":37}},"39":{"start":{"line":87,"column":14},"end":{"line":87,"column":16}},"40":{"start":{"line":88,"column":12},"end":{"line":88,"column":28}},"41":{"start":{"line":89,"column":4},"end":{"line":92,"column":5}},"42":{"start":{"line":90,"column":6},"end":{"line":90,"column":75}},"43":{"start":{"line":91,"column":6},"end":{"line":91,"column":10}},"44":{"start":{"line":94,"column":4},"end":{"line":97,"column":7}},"45":{"start":{"line":99,"column":4},"end":{"line":99,"column":23}},"46":{"start":{"line":100,"column":4},"end":{"line":102,"column":70}},"47":{"start":{"line":106,"column":23},"end":{"line":130,"column":1}},"48":{"start":{"line":107,"column":2},"end":{"line":129,"column":3}},"49":{"start":{"line":108,"column":31},"end":{"line":108,"column":40}},"50":{"start":{"line":109,"column":15},"end":{"line":109,"column":65}},"51":{"start":{"line":111,"column":17},"end":{"line":111,"column":52}},"52":{"start":{"line":112,"column":4},"end":{"line":116,"column":5}},"53":{"start":{"line":113,"column":6},"end":{"line":115,"column":9}},"54":{"start":{"line":117,"column":4},"end":{"line":121,"column":5}},"55":{"start":{"line":118,"column":17},"end":{"line":118,"column":22}},"56":{"start":{"line":120,"column":6},"end":{"line":120,"column":18}},"57":{"start":{"line":122,"column":4},"end":{"line":125,"column":7}},"58":{"start":{"line":127,"column":4},"end":{"line":127,"column":23}},"59":{"start":{"line":128,"column":4},"end":{"line":128,"column":76}},"60":{"start":{"line":132,"column":23},"end":{"line":150,"column":1}},"61":{"start":{"line":133,"column":2},"end":{"line":149,"column":3}},"62":{"start":{"line":134,"column":17},"end":{"line":134,"column":50}},"63":{"start":{"line":136,"column":6},"end":{"line":140,"column":7}},"64":{"start":{"line":137,"column":8},"end":{"line":139,"column":11}},"65":{"start":{"line":142,"column":4},"end":{"line":142,"column":75}},"66":{"start":{"line":143,"column":4},"end":{"line":145,"column":7}},"67":{"start":{"line":147,"column":4},"end":{"line":147,"column":23}},"68":{"start":{"line":148,"column":4},"end":{"line":148,"column":73}},"69":{"start":{"line":152,"column":23},"end":{"line":181,"column":1}},"70":{"start":{"line":153,"column":2},"end":{"line":180,"column":3}},"71":{"start":{"line":154,"column":31},"end":{"line":154,"column":40}},"72":{"start":{"line":155,"column":17},"end":{"line":155,"column":44}},"73":{"start":{"line":156,"column":4},"end":{"line":160,"column":5}},"74":{"start":{"line":157,"column":6},"end":{"line":159,"column":9}},"75":{"start":{"line":161,"column":15},"end":{"line":161,"column":65}},"76":{"start":{"line":162,"column":15},"end":{"line":162,"column":20}},"77":{"start":{"line":163,"column":4},"end":{"line":172,"column":5}},"78":{"start":{"line":164,"column":6},"end":{"line":164,"column":74}},"79":{"start":{"line":165,"column":17},"end":{"line":165,"column":52}},"80":{"start":{"line":166,"column":6},"end":{"line":166,"column":71}},"81":{"start":{"line":167,"column":6},"end":{"line":167,"column":18}},"82":{"start":{"line":169,"column":6},"end":{"line":169,"column":74}},"83":{"start":{"line":170,"column":17},"end":{"line":170,"column":52}},"84":{"start":{"line":171,"column":6},"end":{"line":171,"column":71}},"85":{"start":{"line":173,"column":4},"end":{"line":176,"column":7}},"86":{"start":{"line":178,"column":4},"end":{"line":178,"column":23}},"87":{"start":{"line":179,"column":4},"end":{"line":179,"column":76}}},"fnMap":{"0":{"name":"(anonymous_0)","decl":{"start":{"line":6,"column":27},"end":{"line":6,"column":28}},"loc":{"start":{"line":6,"column":47},"end":{"line":37,"column":1}},"line":6},"1":{"name":"(anonymous_1)","decl":{"start":{"line":39,"column":25},"end":{"line":39,"column":26}},"loc":{"start":{"line":39,"column":45},"end":{"line":65,"column":1}},"line":39},"2":{"name":"(anonymous_2)","decl":{"start":{"line":67,"column":31},"end":{"line":67,"column":32}},"loc":{"start":{"line":67,"column":51},"end":{"line":104,"column":1}},"line":67},"3":{"name":"(anonymous_3)","decl":{"start":{"line":76,"column":24},"end":{"line":76,"column":25}},"loc":{"start":{"line":76,"column":37},"end":{"line":78,"column":7}},"line":76},"4":{"name":"(anonymous_4)","decl":{"start":{"line":80,"column":25},"end":{"line":80,"column":26}},"loc":{"start":{"line":80,"column":33},"end":{"line":80,"column":73}},"line":80},"5":{"name":"(anonymous_5)","decl":{"start":{"line":82,"column":14},"end":{"line":82,"column":15}},"loc":{"start":{"line":82,"column":39},"end":{"line":84,"column":7}},"line":82},"6":{"name":"(anonymous_6)","decl":{"start":{"line":106,"column":23},"end":{"line":106,"column":24}},"loc":{"start":{"line":106,"column":43},"end":{"line":130,"column":1}},"line":106},"7":{"name":"(anonymous_7)","decl":{"start":{"line":132,"column":23},"end":{"line":132,"column":24}},"loc":{"start":{"line":132,"column":43},"end":{"line":150,"column":1}},"line":132},"8":{"name":"(anonymous_8)","decl":{"start":{"line":152,"column":23},"end":{"line":152,"column":24}},"loc":{"start":{"line":152,"column":43},"end":{"line":181,"column":1}},"line":152}},"branchMap":{"0":{"loc":{"start":{"line":10,"column":4},"end":{"line":14,"column":5}},"type":"if","locations":[{"start":{"line":10,"column":4},"end":{"line":14,"column":5}},{"start":{},"end":{}}],"line":10},"1":{"loc":{"start":{"line":42,"column":4},"end":{"line":46,"column":5}},"type":"if","locations":[{"start":{"line":42,"column":4},"end":{"line":46,"column":5}},{"start":{},"end":{}}],"line":42},"2":{"loc":{"start":{"line":49,"column":4},"end":{"line":53,"column":5}},"type":"if","locations":[{"start":{"line":49,"column":4},"end":{"line":53,"column":5}},{"start":{},"end":{}}],"line":49},"3":{"loc":{"start":{"line":49,"column":8},"end":{"line":49,"column":37}},"type":"binary-expr","locations":[{"start":{"line":49,"column":8},"end":{"line":49,"column":15}},{"start":{"line":49,"column":19},"end":{"line":49,"column":37}}],"line":49},"4":{"loc":{"start":{"line":70,"column":4},"end":{"line":74,"column":5}},"type":"if","locations":[{"start":{"line":70,"column":4},"end":{"line":74,"column":5}},{"start":{},"end":{}}],"line":70},"5":{"loc":{"start":{"line":112,"column":4},"end":{"line":116,"column":5}},"type":"if","locations":[{"start":{"line":112,"column":4},"end":{"line":116,"column":5}},{"start":{},"end":{}}],"line":112},"6":{"loc":{"start":{"line":117,"column":4},"end":{"line":121,"column":5}},"type":"if","locations":[{"start":{"line":117,"column":4},"end":{"line":121,"column":5}},{"start":{"line":119,"column":11},"end":{"line":121,"column":5}}],"line":117},"7":{"loc":{"start":{"line":136,"column":6},"end":{"line":140,"column":7}},"type":"if","locations":[{"start":{"line":136,"column":6},"end":{"line":140,"column":7}},{"start":{},"end":{}}],"line":136},"8":{"loc":{"start":{"line":156,"column":4},"end":{"line":160,"column":5}},"type":"if","locations":[{"start":{"line":156,"column":4},"end":{"line":160,"column":5}},{"start":{},"end":{}}],"line":156},"9":{"loc":{"start":{"line":163,"column":4},"end":{"line":172,"column":5}},"type":"if","locations":[{"start":{"line":163,"column":4},"end":{"line":172,"column":5}},{"start":{"line":168,"column":11},"end":{"line":172,"column":5}}],"line":163}},"s":{"0":1,"1":4,"2":4,"3":4,"4":3,"5":1,"6":2,"7":2,"8":2,"9":2,"10":2,"11":2,"12":2,"13":2,"14":2,"15":1,"16":1,"17":1,"18":4,"19":4,"20":4,"21":1,"22":3,"23":2,"24":1,"25":1,"26":1,"27":1,"28":1,"29":3,"30":3,"31":2,"32":1,"33":1,"34":2,"35":1,"36":2,"37":1,"38":2,"39":1,"40":1,"41":1,"42":2,"43":2,"44":1,"45":1,"46":1,"47":1,"48":4,"49":4,"50":4,"51":4,"52":3,"53":1,"54":2,"55":1,"56":1,"57":2,"58":1,"59":1,"60":1,"61":4,"62":4,"63":4,"64":2,"65":2,"66":1,"67":1,"68":1,"69":1,"70":6,"71":6,"72":6,"73":5,"74":1,"75":4,"76":3,"77":3,"78":0,"79":0,"80":0,"81":0,"82":3,"83":2,"84":2,"85":0,"86":5,"87":5},"f":{"0":4,"1":4,"2":3,"3":2,"4":2,"5":2,"6":4,"7":4,"8":6},"b":{"0":[1,2],"1":[1,3],"2":[1,1],"3":[2,2],"4":[1,1],"5":[1,2],"6":[1,1],"7":[2,2],"8":[1,4],"9":[0,3]},"_coverageSchema":"1a1c01bbd47fc00a2c39e90264f33305004495a9","hash":"4ce0304a941fd3a519e6f6333072b243f1efbee2"}
,"D:\\GitHub\\Another\\new server\\controllers\\postController.js": {"path":"D:\\GitHub\\Another\\new server\\controllers\\postController.js","statementMap":{"0":{"start":{"line":3,"column":26},"end":{"line":32,"column":1}},"1":{"start":{"line":4,"column":4},"end":{"line":31,"column":5}},"2":{"start":{"line":5,"column":51},"end":{"line":5,"column":59}},"3":{"start":{"line":6,"column":8},"end":{"line":10,"column":9}},"4":{"start":{"line":7,"column":12},"end":{"line":9,"column":15}},"5":{"start":{"line":11,"column":8},"end":{"line":11,"column":72}},"6":{"start":{"line":12,"column":24},"end":{"line":21,"column":10}},"7":{"start":{"line":22,"column":8},"end":{"line":22,"column":39}},"8":{"start":{"line":23,"column":8},"end":{"line":23,"column":29}},"9":{"start":{"line":24,"column":8},"end":{"line":27,"column":11}},"10":{"start":{"line":29,"column":8},"end":{"line":29,"column":26}},"11":{"start":{"line":30,"column":8},"end":{"line":30,"column":69}},"12":{"start":{"line":34,"column":26},"end":{"line":48,"column":1}},"13":{"start":{"line":35,"column":4},"end":{"line":47,"column":5}},"14":{"start":{"line":36,"column":25},"end":{"line":36,"column":33}},"15":{"start":{"line":37,"column":21},"end":{"line":37,"column":49}},"16":{"start":{"line":38,"column":8},"end":{"line":42,"column":9}},"17":{"start":{"line":39,"column":12},"end":{"line":41,"column":15}},"18":{"start":{"line":43,"column":8},"end":{"line":43,"column":37}},"19":{"start":{"line":44,"column":8},"end":{"line":44,"column":59}},"20":{"start":{"line":46,"column":8},"end":{"line":46,"column":69}}},"fnMap":{"0":{"name":"(anonymous_0)","decl":{"start":{"line":3,"column":26},"end":{"line":3,"column":27}},"loc":{"start":{"line":3,"column":46},"end":{"line":32,"column":1}},"line":3},"1":{"name":"(anonymous_1)","decl":{"start":{"line":34,"column":26},"end":{"line":34,"column":27}},"loc":{"start":{"line":34,"column":46},"end":{"line":48,"column":1}},"line":34}},"branchMap":{"0":{"loc":{"start":{"line":6,"column":8},"end":{"line":10,"column":9}},"type":"if","locations":[{"start":{"line":6,"column":8},"end":{"line":10,"column":9}},{"start":{},"end":{}}],"line":6},"1":{"loc":{"start":{"line":6,"column":12},"end":{"line":6,"column":27}},"type":"binary-expr","locations":[{"start":{"line":6,"column":12},"end":{"line":6,"column":17}},{"start":{"line":6,"column":21},"end":{"line":6,"column":27}}],"line":6},"2":{"loc":{"start":{"line":38,"column":8},"end":{"line":42,"column":9}},"type":"if","locations":[{"start":{"line":38,"column":8},"end":{"line":42,"column":9}},{"start":{},"end":{}}],"line":38}},"s":{"0":1,"1":0,"2":0,"3":0,"4":0,"5":0,"6":0,"7":0,"8":0,"9":0,"10":0,"11":0,"12":1,"13":0,"14":0,"15":0,"16":0,"17":0,"18":0,"19":0,"20":0},"f":{"0":0,"1":0},"b":{"0":[0,0],"1":[0,0],"2":[0,0]},"_coverageSchema":"1a1c01bbd47fc00a2c39e90264f33305004495a9","hash":"007e124536a39cbb083cde267e89cfaf296d05ef"}
,"D:\\GitHub\\Another\\new server\\controllers\\settings.js": {"path":"D:\\GitHub\\Another\\new server\\controllers\\settings.js","statementMap":{"0":{"start":{"line":5,"column":24},"end":{"line":111,"column":1}},"1":{"start":{"line":6,"column":2},"end":{"line":110,"column":3}},"2":{"start":{"line":16,"column":8},"end":{"line":16,"column":16}},"3":{"start":{"line":17,"column":4},"end":{"line":17,"column":37}},"4":{"start":{"line":18,"column":17},"end":{"line":18,"column":52}},"5":{"start":{"line":19,"column":4},"end":{"line":19,"column":22}},"6":{"start":{"line":20,"column":4},"end":{"line":24,"column":5}},"7":{"start":{"line":21,"column":6},"end":{"line":23,"column":9}},"8":{"start":{"line":26,"column":4},"end":{"line":33,"column":5}},"9":{"start":{"line":27,"column":21},"end":{"line":27,"column":53}},"10":{"start":{"line":28,"column":6},"end":{"line":32,"column":7}},"11":{"start":{"line":29,"column":8},"end":{"line":31,"column":11}},"12":{"start":{"line":36,"column":6},"end":{"line":44,"column":5}},"13":{"start":{"line":37,"column":8},"end":{"line":42,"column":9}},"14":{"start":{"line":39,"column":10},"end":{"line":41,"column":13}},"15":{"start":{"line":45,"column":4},"end":{"line":65,"column":5}},"16":{"start":{"line":47,"column":8},"end":{"line":64,"column":11}},"17":{"start":{"line":48,"column":38},"end":{"line":48,"column":83}},"18":{"start":{"line":49,"column":12},"end":{"line":53,"column":13}},"19":{"start":{"line":50,"column":14},"end":{"line":52,"column":17}},"20":{"start":{"line":54,"column":12},"end":{"line":58,"column":13}},"21":{"start":{"line":55,"column":14},"end":{"line":57,"column":17}},"22":{"start":{"line":61,"column":12},"end":{"line":63,"column":17}},"23":{"start":{"line":67,"column":4},"end":{"line":73,"column":5}},"24":{"start":{"line":68,"column":6},"end":{"line":72,"column":7}},"25":{"start":{"line":69,"column":8},"end":{"line":71,"column":11}},"26":{"start":{"line":74,"column":17},"end":{"line":74,"column":21}},"27":{"start":{"line":75,"column":4},"end":{"line":83,"column":5}},"28":{"start":{"line":76,"column":6},"end":{"line":76,"column":49}},"29":{"start":{"line":77,"column":6},"end":{"line":77,"column":36}},"30":{"start":{"line":78,"column":6},"end":{"line":82,"column":7}},"31":{"start":{"line":79,"column":8},"end":{"line":81,"column":11}},"32":{"start":{"line":85,"column":4},"end":{"line":87,"column":5}},"33":{"start":{"line":86,"column":6},"end":{"line":86,"column":68}},"34":{"start":{"line":88,"column":4},"end":{"line":92,"column":5}},"35":{"start":{"line":89,"column":19},"end":{"line":89,"column":41}},"36":{"start":{"line":90,"column":19},"end":{"line":90,"column":49}},"37":{"start":{"line":91,"column":6},"end":{"line":91,"column":64}},"38":{"start":{"line":93,"column":4},"end":{"line":95,"column":5}},"39":{"start":{"line":94,"column":6},"end":{"line":94,"column":60}},"40":{"start":{"line":96,"column":4},"end":{"line":99,"column":5}},"41":{"start":{"line":97,"column":21},"end":{"line":97,"column":31}},"42":{"start":{"line":98,"column":6},"end":{"line":98,"column":62}},"43":{"start":{"line":100,"column":4},"end":{"line":102,"column":5}},"44":{"start":{"line":101,"column":6},"end":{"line":101,"column":63}},"45":{"start":{"line":104,"column":4},"end":{"line":106,"column":7}},"46":{"start":{"line":108,"column":4},"end":{"line":108,"column":23}},"47":{"start":{"line":109,"column":4},"end":{"line":109,"column":72}}},"fnMap":{"0":{"name":"(anonymous_0)","decl":{"start":{"line":5,"column":24},"end":{"line":5,"column":25}},"loc":{"start":{"line":5,"column":44},"end":{"line":111,"column":1}},"line":5}},"branchMap":{"0":{"loc":{"start":{"line":20,"column":4},"end":{"line":24,"column":5}},"type":"if","locations":[{"start":{"line":20,"column":4},"end":{"line":24,"column":5}},{"start":{},"end":{}}],"line":20},"1":{"loc":{"start":{"line":26,"column":4},"end":{"line":33,"column":5}},"type":"if","locations":[{"start":{"line":26,"column":4},"end":{"line":33,"column":5}},{"start":{},"end":{}}],"line":26},"2":{"loc":{"start":{"line":28,"column":6},"end":{"line":32,"column":7}},"type":"if","locations":[{"start":{"line":28,"column":6},"end":{"line":32,"column":7}},{"start":{},"end":{}}],"line":28},"3":{"loc":{"start":{"line":36,"column":6},"end":{"line":44,"column":5}},"type":"if","locations":[{"start":{"line":36,"column":6},"end":{"line":44,"column":5}},{"start":{},"end":{}}],"line":36},"4":{"loc":{"start":{"line":37,"column":8},"end":{"line":42,"column":9}},"type":"if","locations":[{"start":{"line":37,"column":8},"end":{"line":42,"column":9}},{"start":{},"end":{}}],"line":37},"5":{"loc":{"start":{"line":37,"column":12},"end":{"line":37,"column":44}},"type":"binary-expr","locations":[{"start":{"line":37,"column":12},"end":{"line":37,"column":25}},{"start":{"line":37,"column":29},"end":{"line":37,"column":44}}],"line":37},"6":{"loc":{"start":{"line":45,"column":4},"end":{"line":65,"column":5}},"type":"if","locations":[{"start":{"line":45,"column":4},"end":{"line":65,"column":5}},{"start":{},"end":{}}],"line":45},"7":{"loc":{"start":{"line":47,"column":8},"end":{"line":64,"column":11}},"type":"if","locations":[{"start":{"line":47,"column":8},"end":{"line":64,"column":11}},{"start":{"line":60,"column":15},"end":{"line":64,"column":11}}],"line":47},"8":{"loc":{"start":{"line":49,"column":12},"end":{"line":53,"column":13}},"type":"if","locations":[{"start":{"line":49,"column":12},"end":{"line":53,"column":13}},{"start":{},"end":{}}],"line":49},"9":{"loc":{"start":{"line":54,"column":12},"end":{"line":58,"column":13}},"type":"if","locations":[{"start":{"line":54,"column":12},"end":{"line":58,"column":13}},{"start":{},"end":{}}],"line":54},"10":{"loc":{"start":{"line":67,"column":4},"end":{"line":73,"column":5}},"type":"if","locations":[{"start":{"line":67,"column":4},"end":{"line":73,"column":5}},{"start":{},"end":{}}],"line":67},"11":{"loc":{"start":{"line":68,"column":6},"end":{"line":72,"column":7}},"type":"if","locations":[{"start":{"line":68,"column":6},"end":{"line":72,"column":7}},{"start":{},"end":{}}],"line":68},"12":{"loc":{"start":{"line":75,"column":4},"end":{"line":83,"column":5}},"type":"if","locations":[{"start":{"line":75,"column":4},"end":{"line":83,"column":5}},{"start":{},"end":{}}],"line":75},"13":{"loc":{"start":{"line":75,"column":8},"end":{"line":75,"column":34}},"type":"binary-expr","locations":[{"start":{"line":75,"column":8},"end":{"line":75,"column":18}},{"start":{"line":75,"column":22},"end":{"line":75,"column":34}}],"line":75},"14":{"loc":{"start":{"line":78,"column":6},"end":{"line":82,"column":7}},"type":"if","locations":[{"start":{"line":78,"column":6},"end":{"line":82,"column":7}},{"start":{},"end":{}}],"line":78},"15":{"loc":{"start":{"line":78,"column":10},"end":{"line":78,"column":31}},"type":"binary-expr","locations":[{"start":{"line":78,"column":10},"end":{"line":78,"column":20}},{"start":{"line":78,"column":24},"end":{"line":78,"column":31}}],"line":78},"16":{"loc":{"start":{"line":85,"column":4},"end":{"line":87,"column":5}},"type":"if","locations":[{"start":{"line":85,"column":4},"end":{"line":87,"column":5}},{"start":{},"end":{}}],"line":85},"17":{"loc":{"start":{"line":88,"column":4},"end":{"line":92,"column":5}},"type":"if","locations":[{"start":{"line":88,"column":4},"end":{"line":92,"column":5}},{"start":{},"end":{}}],"line":88},"18":{"loc":{"start":{"line":88,"column":8},"end":{"line":88,"column":39}},"type":"binary-expr","locations":[{"start":{"line":88,"column":8},"end":{"line":88,"column":21}},{"start":{"line":88,"column":25},"end":{"line":88,"column":39}}],"line":88},"19":{"loc":{"start":{"line":93,"column":4},"end":{"line":95,"column":5}},"type":"if","locations":[{"start":{"line":93,"column":4},"end":{"line":95,"column":5}},{"start":{},"end":{}}],"line":93},"20":{"loc":{"start":{"line":96,"column":4},"end":{"line":99,"column":5}},"type":"if","locations":[{"start":{"line":96,"column":4},"end":{"line":99,"column":5}},{"start":{},"end":{}}],"line":96},"21":{"loc":{"start":{"line":100,"column":4},"end":{"line":102,"column":5}},"type":"if","locations":[{"start":{"line":100,"column":4},"end":{"line":102,"column":5}},{"start":{},"end":{}}],"line":100}},"s":{"0":1,"1":0,"2":0,"3":0,"4":0,"5":0,"6":0,"7":0,"8":0,"9":0,"10":0,"11":0,"12":0,"13":0,"14":0,"15":0,"16":0,"17":0,"18":0,"19":0,"20":0,"21":0,"22":0,"23":0,"24":0,"25":0,"26":0,"27":0,"28":0,"29":0,"30":0,"31":0,"32":0,"33":0,"34":0,"35":0,"36":0,"37":0,"38":0,"39":0,"40":0,"41":0,"42":0,"43":0,"44":0,"45":0,"46":0,"47":0},"f":{"0":0},"b":{"0":[0,0],"1":[0,0],"2":[0,0],"3":[0,0],"4":[0,0],"5":[0,0],"6":[0,0],"7":[0,0],"8":[0,0],"9":[0,0],"10":[0,0],"11":[0,0],"12":[0,0],"13":[0,0],"14":[0,0],"15":[0,0],"16":[0,0],"17":[0,0],"18":[0,0],"19":[0,0],"20":[0,0],"21":[0,0]},"_coverageSchema":"1a1c01bbd47fc00a2c39e90264f33305004495a9","hash":"04e79146880488cd94001e30e4ad324dd42e528f"}
,"D:\\GitHub\\Another\\new server\\models\\City.js": {"path":"D:\\GitHub\\Another\\new server\\models\\City.js","statementMap":{"0":{"start":{"line":3,"column":13},"end":{"line":7,"column":1}}},"fnMap":{},"branchMap":{},"s":{"0":1},"f":{},"b":{},"_coverageSchema":"1a1c01bbd47fc00a2c39e90264f33305004495a9","hash":"efa6625a4db1f94619199fdc90187e5fc14afd74"}
,"D:\\GitHub\\Another\\new server\\models\\Comment.js": {"path":"D:\\GitHub\\Another\\new server\\models\\Comment.js","statementMap":{"0":{"start":{"line":3,"column":22},"end":{"line":9,"column":1}}},"fnMap":{},"branchMap":{},"s":{"0":1},"f":{},"b":{},"_coverageSchema":"1a1c01bbd47fc00a2c39e90264f33305004495a9","hash":"aebd1e8710c9cffc8277914d3bfede7d4473516d"}
,"D:\\GitHub\\Another\\new server\\models\\Post.js": {"path":"D:\\GitHub\\Another\\new server\\models\\Post.js","statementMap":{"0":{"start":{"line":3,"column":19},"end":{"line":15,"column":1}}},"fnMap":{},"branchMap":{},"s":{"0":1},"f":{},"b":{},"_coverageSchema":"1a1c01bbd47fc00a2c39e90264f33305004495a9","hash":"0317c2b23945195051ae5cfe181f3509df247b4e"}
,"D:\\GitHub\\Another\\new server\\models\\User.js": {"path":"D:\\GitHub\\Another\\new server\\models\\User.js","statementMap":{"0":{"start":{"line":3,"column":19},"end":{"line":34,"column":1}}},"fnMap":{},"branchMap":{},"s":{"0":1},"f":{},"b":{},"_coverageSchema":"1a1c01bbd47fc00a2c39e90264f33305004495a9","hash":"84610e6a5c9fbdfa26206bc9d9b35d4f7d99c6d2"}
,"D:\\GitHub\\Another\\new server\\router\\auth.js": {"path":"D:\\GitHub\\Another\\new server\\router\\auth.js","statementMap":{"0":{"start":{"line":4,"column":15},"end":{"line":4,"column":27}},"1":{"start":{"line":6,"column":0},"end":{"line":6,"column":29}},"2":{"start":{"line":7,"column":0},"end":{"line":7,"column":28}},"3":{"start":{"line":9,"column":0},"end":{"line":9,"column":29}},"4":{"start":{"line":10,"column":0},"end":{"line":10,"column":35}},"5":{"start":{"line":11,"column":0},"end":{"line":11,"column":29}},"6":{"start":{"line":12,"column":0},"end":{"line":12,"column":31}}},"fnMap":{},"branchMap":{},"s":{"0":1,"1":1,"2":1,"3":1,"4":1,"5":1,"6":1},"f":{},"b":{},"_coverageSchema":"1a1c01bbd47fc00a2c39e90264f33305004495a9","hash":"2934aa1bf0be59b130f397b9ca3cd4c5b2e9408a"}
,"D:\\GitHub\\Another\\new server\\router\\city.js": {"path":"D:\\GitHub\\Another\\new server\\router\\city.js","statementMap":{"0":{"start":{"line":4,"column":15},"end":{"line":4,"column":27}},"1":{"start":{"line":6,"column":0},"end":{"line":6,"column":31}},"2":{"start":{"line":7,"column":0},"end":{"line":7,"column":37}}},"fnMap":{},"branchMap":{},"s":{"0":1,"1":1,"2":1},"f":{},"b":{},"_coverageSchema":"1a1c01bbd47fc00a2c39e90264f33305004495a9","hash":"bff9b4bbf97ac7bb22e68ff20d63fae39aa45ad7"}
,"D:\\GitHub\\Another\\new server\\router\\post.js": {"path":"D:\\GitHub\\Another\\new server\\router\\post.js","statementMap":{"0":{"start":{"line":2,"column":15},"end":{"line":2,"column":27}},"1":{"start":{"line":9,"column":0},"end":{"line":9,"column":32}},"2":{"start":{"line":11,"column":0},"end":{"line":11,"column":27}},"3":{"start":{"line":13,"column":0},"end":{"line":13,"column":31}},"4":{"start":{"line":15,"column":0},"end":{"line":15,"column":35}},"5":{"start":{"line":17,"column":0},"end":{"line":17,"column":40}},"6":{"start":{"line":19,"column":0},"end":{"line":19,"column":39}},"7":{"start":{"line":21,"column":0},"end":{"line":21,"column":31}},"8":{"start":{"line":23,"column":0},"end":{"line":23,"column":34}},"9":{"start":{"line":25,"column":0},"end":{"line":25,"column":49}},"10":{"start":{"line":27,"column":0},"end":{"line":27,"column":31}},"11":{"start":{"line":28,"column":0},"end":{"line":28,"column":31}}},"fnMap":{},"branchMap":{},"s":{"0":1,"1":1,"2":1,"3":1,"4":1,"5":1,"6":1,"7":1,"8":1,"9":1,"10":1,"11":1},"f":{},"b":{},"_coverageSchema":"1a1c01bbd47fc00a2c39e90264f33305004495a9","hash":"6b1cc312d5ac3da7fb2827f7b24251a5d798e7cd"}
,"D:\\GitHub\\Another\\new server\\router\\settings.js": {"path":"D:\\GitHub\\Another\\new server\\router\\settings.js","statementMap":{"0":{"start":{"line":4,"column":15},"end":{"line":4,"column":27}},"1":{"start":{"line":6,"column":0},"end":{"line":6,"column":26}}},"fnMap":{},"branchMap":{},"s":{"0":1,"1":1},"f":{},"b":{},"_coverageSchema":"1a1c01bbd47fc00a2c39e90264f33305004495a9","hash":"a87d8ae6783670c1e88e098bf7bfd70e85a1d1f4"}
}
