TN:
SF:client\src\components\CityCombobox\CityCombobox.jsx
FN:5,(anonymous_0)
FN:12,(anonymous_1)
FN:16,(anonymous_2)
FN:22,(anonymous_3)
FN:30,(anonymous_4)
FN:31,(anonymous_5)
FN:33,(anonymous_6)
FN:37,(anonymous_7)
FN:42,(anonymous_8)
FN:49,(anonymous_9)
FN:54,(anonymous_10)
FN:58,(anonymous_11)
FN:63,(anonymous_12)
FN:90,(anonymous_13)
FN:93,(anonymous_14)
FNF:15
FNH:15
FNDA:31,(anonymous_0)
FNDA:7,(anonymous_1)
FNDA:7,(anonymous_2)
FNDA:16,(anonymous_3)
FNDA:30,(anonymous_4)
FNDA:1,(anonymous_5)
FNDA:30,(anonymous_6)
FNDA:8,(anonymous_7)
FNDA:31,(anonymous_8)
FNDA:1,(anonymous_9)
FNDA:6,(anonymous_10)
FNDA:22,(anonymous_11)
FNDA:18,(anonymous_12)
FNDA:32,(anonymous_13)
FNDA:1,(anonymous_14)
DA:5,1
DA:6,31
DA:7,31
DA:8,31
DA:10,31
DA:12,31
DA:13,7
DA:14,7
DA:17,7
DA:21,31
DA:22,31
DA:23,16
DA:24,16
DA:25,8
DA:30,31
DA:31,30
DA:32,30
DA:33,30
DA:34,30
DA:37,31
DA:38,8
DA:39,8
DA:42,31
DA:43,31
DA:44,4
DA:46,27
DA:49,31
DA:50,1
DA:51,1
DA:54,31
DA:55,6
DA:56,6
DA:58,31
DA:59,22
DA:60,16
DA:62,6
DA:64,18
DA:68,31
DA:91,32
DA:93,1
LF:40
LH:40
BRDA:24,0,0,8
BRDA:24,0,1,8
BRDA:24,1,0,16
BRDA:24,1,1,8
BRDA:43,2,0,4
BRDA:43,2,1,27
BRDA:59,3,0,16
BRDA:59,3,1,6
BRDA:85,4,0,31
BRDA:85,4,1,22
BRF:10
BRH:10
end_of_record
TN:
SF:client\src\components\ErrorMessage\ErrorMessage.jsx
FN:4,(anonymous_0)
FNF:1
FNH:1
FNDA:15,(anonymous_0)
DA:4,2
DA:5,15
LF:2
LH:2
BRF:0
BRH:0
end_of_record
TN:
SF:client\src\components\Loader\Loader.jsx
FN:2,(anonymous_0)
FNF:1
FNH:1
FNDA:6,(anonymous_0)
DA:2,6
LF:1
LH:1
BRF:0
BRH:0
end_of_record
TN:
SF:client\src\components\PostPage\PostPageComponent.jsx
FN:9,(anonymous_0)
FN:26,(anonymous_1)
FN:37,(anonymous_2)
FN:41,(anonymous_3)
FN:51,(anonymous_4)
FN:62,(anonymous_5)
FN:72,(anonymous_6)
FN:74,(anonymous_7)
FN:79,(anonymous_8)
FN:91,(anonymous_9)
FN:105,(anonymous_10)
FN:114,(anonymous_11)
FN:116,(anonymous_12)
FN:122,(anonymous_13)
FN:124,(anonymous_14)
FN:130,(anonymous_15)
FN:135,(anonymous_16)
FN:148,(anonymous_17)
FN:160,(anonymous_18)
FN:165,(anonymous_19)
FN:168,(anonymous_20)
FN:173,(anonymous_21)
FN:189,(anonymous_22)
FN:198,(anonymous_23)
FN:346,(anonymous_24)
FNF:25
FNH:10
FNDA:6,(anonymous_0)
FNDA:3,(anonymous_1)
FNDA:2,(anonymous_2)
FNDA:1,(anonymous_3)
FNDA:1,(anonymous_4)
FNDA:0,(anonymous_5)
FNDA:1,(anonymous_6)
FNDA:0,(anonymous_7)
FNDA:2,(anonymous_8)
FNDA:1,(anonymous_9)
FNDA:0,(anonymous_10)
FNDA:1,(anonymous_11)
FNDA:0,(anonymous_12)
FNDA:1,(anonymous_13)
FNDA:0,(anonymous_14)
FNDA:0,(anonymous_15)
FNDA:0,(anonymous_16)
FNDA:0,(anonymous_17)
FNDA:0,(anonymous_18)
FNDA:0,(anonymous_19)
FNDA:0,(anonymous_20)
FNDA:0,(anonymous_21)
FNDA:0,(anonymous_22)
FNDA:0,(anonymous_23)
FNDA:0,(anonymous_24)
DA:9,1
DA:10,6
DA:11,6
DA:13,6
DA:14,6
DA:15,6
DA:16,6
DA:17,6
DA:20,6
DA:21,6
DA:22,6
DA:23,6
DA:26,6
DA:27,3
DA:38,2
DA:39,2
DA:42,1
DA:43,1
DA:44,1
DA:51,6
DA:52,1
DA:63,0
DA:64,0
DA:65,0
DA:66,0
DA:67,0
DA:69,0
DA:70,0
DA:73,1
DA:74,1
DA:75,1
DA:79,6
DA:80,2
DA:92,1
DA:93,1
DA:94,1
DA:106,0
DA:107,0
DA:108,0
DA:110,0
DA:112,0
DA:115,1
DA:116,1
DA:117,1
DA:118,1
DA:120,1
DA:123,1
DA:124,1
DA:125,1
DA:127,2
DA:130,6
DA:131,0
DA:132,0
DA:135,6
DA:136,0
DA:137,0
DA:138,0
DA:139,0
DA:141,0
DA:149,0
DA:150,0
DA:151,0
DA:152,0
DA:154,0
DA:158,0
DA:159,0
DA:160,0
DA:161,0
DA:165,6
DA:166,0
DA:167,0
DA:168,0
DA:169,0
DA:171,0
DA:172,0
DA:173,0
DA:174,0
DA:176,0
DA:177,0
DA:178,0
DA:190,0
DA:191,0
DA:192,0
DA:194,0
DA:196,0
DA:197,0
DA:198,0
DA:202,6
DA:203,3
DA:206,3
DA:207,1
DA:210,2
DA:347,0
LF:93
LH:46
BRDA:64,0,0,0
BRDA:64,0,1,0
BRDA:107,1,0,0
BRDA:107,1,1,0
BRDA:151,2,0,0
BRDA:151,2,1,0
BRDA:166,3,0,0
BRDA:166,3,1,0
BRDA:171,4,0,0
BRDA:171,4,1,0
BRDA:202,5,0,3
BRDA:202,5,1,3
BRDA:206,6,0,1
BRDA:206,6,1,2
BRDA:212,7,0,2
BRDA:212,7,1,2
BRDA:213,8,0,2
BRDA:213,8,1,1
BRDA:275,9,0,1
BRDA:275,9,1,1
BRDA:295,10,0,1
BRDA:295,10,1,0
BRDA:335,11,0,1
BRDA:335,11,1,0
BRDA:338,12,0,1
BRDA:338,12,1,1
BRDA:338,12,2,1
BRDA:343,13,0,1
BRDA:343,13,1,1
BRDA:343,13,2,0
BRF:30
BRH:17
end_of_record
TN:
SF:client\src\components\Search\Search.jsx
FN:6,(anonymous_0)
FN:11,(anonymous_1)
FN:21,(anonymous_2)
FN:25,(anonymous_3)
FN:46,(anonymous_4)
FNF:5
FNH:5
FNDA:6,(anonymous_0)
FNDA:3,(anonymous_1)
FNDA:1,(anonymous_2)
FNDA:2,(anonymous_3)
FNDA:2,(anonymous_4)
DA:6,1
DA:7,6
DA:8,6
DA:9,6
DA:11,6
DA:12,3
DA:22,1
DA:23,1
DA:24,1
DA:26,2
DA:27,2
DA:28,2
DA:31,6
DA:32,3
DA:35,3
DA:47,2
LF:16
LH:16
BRDA:31,0,0,3
BRDA:31,0,1,3
BRDA:39,1,0,3
BRDA:39,1,1,2
BRDA:41,2,0,2
BRDA:41,2,1,1
BRDA:62,3,0,3
BRDA:62,3,1,2
BRF:8
BRH:8
end_of_record
TN:
SF:client\src\context\AuthContext.js
FNF:0
FNH:0
DA:3,2
LF:1
LH:1
BRF:0
BRH:0
end_of_record
TN:
SF:client\src\pages\AuthPage\AuthPage.jsx
FN:8,(anonymous_0)
FN:19,(anonymous_1)
FN:26,(anonymous_2)
FN:29,(anonymous_3)
FN:36,(anonymous_4)
FN:41,(anonymous_5)
FN:48,(anonymous_6)
FN:53,(anonymous_7)
FN:66,(anonymous_8)
FN:72,(anonymous_9)
FN:75,(anonymous_10)
FN:79,(anonymous_11)
FNF:12
FNH:4
FNDA:44,(anonymous_0)
FNDA:18,(anonymous_1)
FNDA:12,(anonymous_2)
FNDA:0,(anonymous_3)
FNDA:0,(anonymous_4)
FNDA:0,(anonymous_5)
FNDA:0,(anonymous_6)
FNDA:0,(anonymous_7)
FNDA:0,(anonymous_8)
FNDA:1,(anonymous_9)
FNDA:0,(anonymous_10)
FNDA:0,(anonymous_11)
DA:8,1
DA:9,44
DA:13,44
DA:14,44
DA:15,44
DA:16,44
DA:17,44
DA:19,44
DA:20,18
DA:21,18
DA:24,44
DA:26,44
DA:27,12
DA:28,5
DA:29,5
DA:30,5
DA:32,7
DA:33,2
DA:36,2
DA:37,2
DA:39,5
DA:40,2
DA:41,2
DA:42,2
DA:44,3
DA:45,1
DA:48,1
DA:49,1
DA:51,2
DA:52,1
DA:53,1
DA:54,1
DA:56,1
DA:67,0
DA:68,0
DA:69,0
DA:70,0
DA:73,1
DA:74,1
DA:75,1
DA:79,44
DA:80,0
DA:82,44
DA:83,44
DA:84,44
DA:85,0
DA:86,0
DA:89,44
LF:48
LH:41
BRDA:27,0,0,5
BRDA:27,0,1,7
BRDA:27,1,0,12
BRDA:27,1,1,8
BRDA:32,2,0,2
BRDA:32,2,1,5
BRDA:39,3,0,2
BRDA:39,3,1,3
BRDA:44,4,0,1
BRDA:44,4,1,2
BRDA:51,5,0,1
BRDA:51,5,1,1
BRDA:84,6,0,0
BRDA:84,6,1,44
BRDA:119,7,0,44
BRDA:119,7,1,12
BRDA:122,8,0,44
BRDA:122,8,1,0
BRF:18
BRH:16
end_of_record
TN:
SF:client\src\pages\PostPage\PostPage.jsx
FN:5,(anonymous_0)
FNF:1
FNH:1
FNDA:3,(anonymous_0)
DA:6,3
LF:1
LH:1
BRF:0
BRH:0
end_of_record
TN:
SF:client\src\pages\SearchPage\SearchPage.jsx
FN:5,(anonymous_0)
FNF:1
FNH:1
FNDA:3,(anonymous_0)
DA:6,3
LF:1
LH:1
BRF:0
BRH:0
end_of_record
TN:
SF:controllers\city.js
FN:4,(anonymous_0)
FN:24,(anonymous_1)
FNF:2
FNH:2
FNDA:4,(anonymous_0)
FNDA:2,(anonymous_1)
DA:4,1
DA:5,4
DA:6,4
DA:7,2
DA:8,1
DA:12,1
DA:17,2
DA:24,1
DA:25,2
DA:26,2
DA:27,1
DA:32,1
LF:12
LH:12
BRDA:7,0,0,1
BRDA:7,0,1,1
BRF:2
BRH:2
end_of_record
TN:
SF:controllers\settings.js
FN:5,(anonymous_0)
FNF:1
FNH:1
FNDA:30,(anonymous_0)
DA:5,1
DA:6,30
DA:16,30
DA:17,30
DA:18,30
DA:19,29
DA:20,29
DA:21,1
DA:26,28
DA:27,18
DA:28,18
DA:29,9
DA:36,19
DA:37,8
DA:39,4
DA:45,15
DA:47,11
DA:48,7
DA:49,7
DA:50,2
DA:54,5
DA:55,1
DA:61,4
DA:67,8
DA:68,3
DA:69,2
DA:74,6
DA:75,6
DA:76,4
DA:77,4
DA:78,4
DA:79,1
DA:85,5
DA:86,2
DA:88,5
DA:89,2
DA:90,2
DA:91,2
DA:93,5
DA:94,1
DA:96,5
DA:97,3
DA:98,3
DA:100,5
DA:101,2
DA:104,5
DA:108,1
DA:109,1
LF:48
LH:48
BRDA:20,0,0,1
BRDA:20,0,1,28
BRDA:26,1,0,18
BRDA:26,1,1,10
BRDA:28,2,0,9
BRDA:28,2,1,9
BRDA:36,3,0,8
BRDA:36,3,1,11
BRDA:37,4,0,4
BRDA:37,4,1,4
BRDA:37,5,0,8
BRDA:37,5,1,5
BRDA:45,6,0,11
BRDA:45,6,1,4
BRDA:47,7,0,7
BRDA:47,7,1,4
BRDA:49,8,0,2
BRDA:49,8,1,5
BRDA:54,9,0,1
BRDA:54,9,1,4
BRDA:67,10,0,3
BRDA:67,10,1,5
BRDA:68,11,0,2
BRDA:68,11,1,1
BRDA:75,12,0,4
BRDA:75,12,1,2
BRDA:75,13,0,6
BRDA:75,13,1,2
BRDA:78,14,0,1
BRDA:78,14,1,3
BRDA:78,15,0,4
BRDA:78,15,1,4
BRDA:85,16,0,2
BRDA:85,16,1,3
BRDA:88,17,0,2
BRDA:88,17,1,3
BRDA:88,18,0,5
BRDA:88,18,1,2
BRDA:93,19,0,1
BRDA:93,19,1,4
BRDA:96,20,0,3
BRDA:96,20,1,2
BRDA:100,21,0,2
BRDA:100,21,1,3
BRF:44
BRH:44
end_of_record
TN:
SF:models\City.js
FNF:0
FNH:0
DA:3,2
LF:1
LH:1
BRF:0
BRH:0
end_of_record
TN:
SF:models\User.js
FNF:0
FNH:0
DA:3,1
LF:1
LH:1
BRF:0
BRH:0
end_of_record
TN:
SF:router\city.js
FNF:0
FNH:0
DA:4,1
DA:6,1
DA:7,1
LF:3
LH:3
BRF:0
BRH:0
end_of_record
TN:
SF:router\settings.js
FNF:0
FNH:0
DA:4,1
DA:6,1
LF:2
LH:2
BRF:0
BRH:0
end_of_record
