TN:
SF:client\src\components\CityCombobox\CityCombobox.jsx
FN:5,(anonymous_0)
FN:12,(anonymous_1)
FN:15,(anonymous_2)
FN:18,(anonymous_3)
FN:24,(anonymous_4)
FN:32,(anonymous_5)
FN:33,(anonymous_6)
FN:35,(anonymous_7)
FN:39,(anonymous_8)
FN:44,(anonymous_9)
FN:51,(anonymous_10)
FN:56,(anonymous_11)
FN:60,(anonymous_12)
FN:65,(anonymous_13)
FN:92,(anonymous_14)
FN:95,(anonymous_15)
FNF:16
FNH:6
FNDA:1,(anonymous_0)
FNDA:1,(anonymous_1)
FNDA:0,(anonymous_2)
FNDA:0,(anonymous_3)
FNDA:1,(anonymous_4)
FNDA:1,(anonymous_5)
FNDA:0,(anonymous_6)
FNDA:1,(anonymous_7)
FNDA:0,(anonymous_8)
FNDA:1,(anonymous_9)
FNDA:0,(anonymous_10)
FNDA:0,(anonymous_11)
FNDA:0,(anonymous_12)
FNDA:0,(anonymous_13)
FNDA:0,(anonymous_14)
FNDA:0,(anonymous_15)
DA:5,1
DA:6,1
DA:7,1
DA:8,1
DA:10,1
DA:12,1
DA:13,1
DA:16,0
DA:19,0
DA:23,1
DA:24,1
DA:25,1
DA:26,1
DA:27,0
DA:32,1
DA:33,1
DA:34,1
DA:35,1
DA:36,1
DA:39,1
DA:40,0
DA:41,0
DA:44,1
DA:45,1
DA:46,0
DA:48,1
DA:51,1
DA:52,0
DA:53,0
DA:56,1
DA:57,0
DA:58,0
DA:60,1
DA:61,0
DA:62,0
DA:64,0
DA:66,0
DA:70,1
DA:93,0
DA:95,0
LF:40
LH:24
BRDA:26,0,0,0
BRDA:26,0,1,1
BRDA:26,1,0,1
BRDA:26,1,1,0
BRDA:45,2,0,0
BRDA:45,2,1,1
BRDA:61,3,0,0
BRDA:61,3,1,0
BRDA:87,4,0,1
BRDA:87,4,1,0
BRF:10
BRH:4
end_of_record
TN:
SF:client\src\components\ErrorMessage\ErrorMessage.jsx
FN:4,(anonymous_0)
FNF:1
FNH:1
FNDA:11,(anonymous_0)
DA:4,1
DA:5,11
LF:2
LH:2
BRF:0
BRH:0
end_of_record
TN:
SF:client\src\context\AuthContext.js
FNF:0
FNH:0
DA:3,1
LF:1
LH:1
BRF:0
BRH:0
end_of_record
TN:
SF:client\src\pages\AuthPage\AuthPage.jsx
FN:8,(anonymous_0)
FN:19,(anonymous_1)
FN:26,(anonymous_2)
FN:29,(anonymous_3)
FN:36,(anonymous_4)
FN:41,(anonymous_5)
FN:48,(anonymous_6)
FN:53,(anonymous_7)
FN:66,(anonymous_8)
FN:72,(anonymous_9)
FN:76,(anonymous_10)
FN:80,(anonymous_11)
FNF:12
FNH:3
FNDA:46,(anonymous_0)
FNDA:19,(anonymous_1)
FNDA:11,(anonymous_2)
FNDA:0,(anonymous_3)
FNDA:0,(anonymous_4)
FNDA:0,(anonymous_5)
FNDA:0,(anonymous_6)
FNDA:0,(anonymous_7)
FNDA:0,(anonymous_8)
FNDA:0,(anonymous_9)
FNDA:0,(anonymous_10)
FNDA:0,(anonymous_11)
DA:8,1
DA:9,46
DA:13,46
DA:14,46
DA:15,46
DA:16,46
DA:17,46
DA:19,46
DA:20,19
DA:21,19
DA:24,46
DA:26,46
DA:27,11
DA:28,5
DA:29,5
DA:30,5
DA:32,6
DA:33,2
DA:36,2
DA:37,2
DA:39,4
DA:40,2
DA:41,2
DA:42,2
DA:44,2
DA:45,1
DA:48,1
DA:49,1
DA:51,1
DA:52,1
DA:53,1
DA:54,1
DA:56,0
DA:67,0
DA:68,0
DA:69,0
DA:70,0
DA:73,0
DA:74,0
DA:75,0
DA:76,0
DA:80,46
DA:81,0
DA:83,46
DA:84,46
DA:85,46
DA:86,0
DA:87,0
DA:90,46
LF:49
LH:37
BRDA:27,0,0,5
BRDA:27,0,1,6
BRDA:27,1,0,11
BRDA:27,1,1,7
BRDA:32,2,0,2
BRDA:32,2,1,4
BRDA:39,3,0,2
BRDA:39,3,1,2
BRDA:44,4,0,1
BRDA:44,4,1,1
BRDA:51,5,0,1
BRDA:51,5,1,0
BRDA:85,6,0,0
BRDA:85,6,1,46
BRDA:116,7,0,46
BRDA:116,7,1,11
BRDA:117,8,0,46
BRDA:117,8,1,0
BRF:18
BRH:15
end_of_record
TN:
SF:controllers\city.js
FN:4,(anonymous_0)
FN:24,(anonymous_1)
FNF:2
FNH:2
FNDA:2,(anonymous_0)
FNDA:1,(anonymous_1)
DA:4,1
DA:5,2
DA:6,2
DA:7,1
DA:8,0
DA:12,1
DA:17,1
DA:24,1
DA:25,1
DA:26,1
DA:27,1
DA:32,0
LF:12
LH:10
BRDA:7,0,0,0
BRDA:7,0,1,1
BRF:2
BRH:1
end_of_record
TN:
SF:models\City.js
FNF:0
FNH:0
DA:3,1
LF:1
LH:1
BRF:0
BRH:0
end_of_record
TN:
SF:router\city.js
FNF:0
FNH:0
DA:4,1
DA:6,1
DA:7,1
LF:3
LH:3
BRF:0
BRH:0
end_of_record
