<?xml version="1.0" ?>
<!DOCTYPE coverage SYSTEM "http://cobertura.sourceforge.net/xml/coverage-04.dtd">
<coverage lines-valid="1036" lines-covered="902" line-rate="0.8706" branches-valid="455" branches-covered="367" branch-rate="0.8065000000000001" timestamp="1678027837452" complexity="0" version="0.1">
  <sources>
    <source>D:\GitHub\Another\new server</source>
  </sources>
  <packages>
    <package name="client.src.components.AnotherPage" line-rate="0.8214" branch-rate="0.7857">
      <classes>
        <class name="AnotherPage.jsx" filename="client\src\components\AnotherPage\AnotherPage.jsx" line-rate="0.8214" branch-rate="0.7857">
          <methods>
            <method name="(anonymous_0)" hits="13" signature="()V">
              <lines>
                <line number="11" hits="13"/>
              </lines>
            </method>
            <method name="(anonymous_1)" hits="2" signature="()V">
              <lines>
                <line number="34" hits="2"/>
              </lines>
            </method>
            <method name="(anonymous_2)" hits="0" signature="()V">
              <lines>
                <line number="48" hits="0"/>
              </lines>
            </method>
            <method name="(anonymous_3)" hits="6" signature="()V">
              <lines>
                <line number="69" hits="6"/>
              </lines>
            </method>
            <method name="(anonymous_4)" hits="4" signature="()V">
              <lines>
                <line number="82" hits="4"/>
              </lines>
            </method>
            <method name="(anonymous_5)" hits="1" signature="()V">
              <lines>
                <line number="100" hits="1"/>
              </lines>
            </method>
            <method name="(anonymous_6)" hits="0" signature="()V">
              <lines>
                <line number="119" hits="0"/>
              </lines>
            </method>
            <method name="(anonymous_7)" hits="1" signature="()V">
              <lines>
                <line number="128" hits="1"/>
              </lines>
            </method>
            <method name="(anonymous_8)" hits="1" signature="()V">
              <lines>
                <line number="176" hits="1"/>
              </lines>
            </method>
            <method name="(anonymous_9)" hits="1" signature="()V">
              <lines>
                <line number="190" hits="1"/>
              </lines>
            </method>
          </methods>
          <lines>
            <line number="11" hits="1" branch="false"/>
            <line number="12" hits="13" branch="false"/>
            <line number="14" hits="13" branch="false"/>
            <line number="22" hits="13" branch="false"/>
            <line number="24" hits="13" branch="false"/>
            <line number="25" hits="13" branch="false"/>
            <line number="26" hits="13" branch="false"/>
            <line number="28" hits="13" branch="false"/>
            <line number="29" hits="13" branch="false"/>
            <line number="30" hits="13" branch="false"/>
            <line number="31" hits="13" branch="false"/>
            <line number="34" hits="13" branch="false"/>
            <line number="35" hits="2" branch="false"/>
            <line number="36" hits="2" branch="false"/>
            <line number="37" hits="2" branch="false"/>
            <line number="38" hits="2" branch="false"/>
            <line number="49" hits="0" branch="false"/>
            <line number="51" hits="0" branch="true" condition-coverage="0% (0/2)"/>
            <line number="52" hits="0" branch="false"/>
            <line number="53" hits="0" branch="false"/>
            <line number="55" hits="0" branch="false"/>
            <line number="57" hits="0" branch="false"/>
            <line number="58" hits="0" branch="false"/>
            <line number="61" hits="2" branch="false"/>
            <line number="62" hits="2" branch="false"/>
            <line number="64" hits="2" branch="false"/>
            <line number="69" hits="13" branch="false"/>
            <line number="70" hits="6" branch="true" condition-coverage="100% (2/2)"/>
            <line number="71" hits="5" branch="false"/>
            <line number="83" hits="4" branch="false"/>
            <line number="90" hits="4" branch="false"/>
            <line number="91" hits="4" branch="false"/>
            <line number="92" hits="4" branch="true" condition-coverage="100% (2/2)"/>
            <line number="93" hits="1" branch="false"/>
            <line number="96" hits="3" branch="false"/>
            <line number="98" hits="4" branch="false"/>
            <line number="99" hits="4" branch="false"/>
            <line number="101" hits="1" branch="false"/>
            <line number="102" hits="1" branch="true" condition-coverage="50% (1/2)"/>
            <line number="103" hits="1" branch="false"/>
            <line number="105" hits="1" branch="false"/>
            <line number="109" hits="1" branch="false"/>
            <line number="120" hits="0" branch="false"/>
            <line number="121" hits="0" branch="false"/>
            <line number="127" hits="0" branch="false"/>
            <line number="129" hits="1" branch="false"/>
            <line number="130" hits="1" branch="false"/>
            <line number="135" hits="13" branch="true" condition-coverage="100% (2/2)"/>
            <line number="136" hits="7" branch="false"/>
            <line number="140" hits="6" branch="true" condition-coverage="100% (2/2)"/>
            <line number="141" hits="1" branch="false"/>
            <line number="148" hits="5" branch="false"/>
            <line number="177" hits="1" branch="false"/>
            <line number="178" hits="1" branch="false"/>
            <line number="191" hits="1" branch="false"/>
            <line number="192" hits="1" branch="false"/>
          </lines>
        </class>
      </classes>
    </package>
    <package name="client.src.components.CityCombobox" line-rate="1" branch-rate="1">
      <classes>
        <class name="CityCombobox.jsx" filename="client\src\components\CityCombobox\CityCombobox.jsx" line-rate="1" branch-rate="1">
          <methods>
            <method name="(anonymous_0)" hits="393" signature="()V">
              <lines>
                <line number="5" hits="393"/>
              </lines>
            </method>
            <method name="(anonymous_1)" hits="63" signature="()V">
              <lines>
                <line number="12" hits="63"/>
              </lines>
            </method>
            <method name="(anonymous_2)" hits="63" signature="()V">
              <lines>
                <line number="16" hits="63"/>
              </lines>
            </method>
            <method name="(anonymous_3)" hits="147" signature="()V">
              <lines>
                <line number="22" hits="147"/>
              </lines>
            </method>
            <method name="(anonymous_4)" hits="354" signature="()V">
              <lines>
                <line number="30" hits="354"/>
              </lines>
            </method>
            <method name="(anonymous_5)" hits="84" signature="()V">
              <lines>
                <line number="31" hits="84"/>
              </lines>
            </method>
            <method name="(anonymous_6)" hits="354" signature="()V">
              <lines>
                <line number="33" hits="354"/>
              </lines>
            </method>
            <method name="(anonymous_7)" hits="47" signature="()V">
              <lines>
                <line number="37" hits="47"/>
              </lines>
            </method>
            <method name="(anonymous_8)" hits="393" signature="()V">
              <lines>
                <line number="42" hits="393"/>
              </lines>
            </method>
            <method name="(anonymous_9)" hits="25" signature="()V">
              <lines>
                <line number="49" hits="25"/>
              </lines>
            </method>
            <method name="(anonymous_10)" hits="6" signature="()V">
              <lines>
                <line number="54" hits="6"/>
              </lines>
            </method>
            <method name="(anonymous_11)" hits="153" signature="()V">
              <lines>
                <line number="58" hits="153"/>
              </lines>
            </method>
            <method name="(anonymous_12)" hits="18" signature="()V">
              <lines>
                <line number="63" hits="18"/>
              </lines>
            </method>
            <method name="(anonymous_13)" hits="308" signature="()V">
              <lines>
                <line number="92" hits="308"/>
              </lines>
            </method>
            <method name="(anonymous_14)" hits="25" signature="()V">
              <lines>
                <line number="97" hits="25"/>
              </lines>
            </method>
          </methods>
          <lines>
            <line number="5" hits="4" branch="true" condition-coverage="100% (1/1)"/>
            <line number="6" hits="393" branch="false"/>
            <line number="7" hits="393" branch="false"/>
            <line number="8" hits="393" branch="false"/>
            <line number="10" hits="393" branch="false"/>
            <line number="12" hits="393" branch="false"/>
            <line number="13" hits="63" branch="false"/>
            <line number="14" hits="63" branch="false"/>
            <line number="17" hits="63" branch="false"/>
            <line number="21" hits="393" branch="false"/>
            <line number="22" hits="393" branch="false"/>
            <line number="23" hits="147" branch="false"/>
            <line number="24" hits="147" branch="true" condition-coverage="100% (4/4)"/>
            <line number="25" hits="47" branch="false"/>
            <line number="30" hits="393" branch="false"/>
            <line number="31" hits="354" branch="false"/>
            <line number="32" hits="354" branch="false"/>
            <line number="33" hits="354" branch="false"/>
            <line number="34" hits="354" branch="false"/>
            <line number="37" hits="393" branch="false"/>
            <line number="38" hits="47" branch="false"/>
            <line number="39" hits="47" branch="false"/>
            <line number="42" hits="393" branch="false"/>
            <line number="43" hits="393" branch="true" condition-coverage="100% (2/2)"/>
            <line number="44" hits="92" branch="false"/>
            <line number="46" hits="301" branch="false"/>
            <line number="49" hits="393" branch="false"/>
            <line number="50" hits="25" branch="false"/>
            <line number="51" hits="25" branch="false"/>
            <line number="54" hits="393" branch="false"/>
            <line number="55" hits="6" branch="false"/>
            <line number="56" hits="6" branch="false"/>
            <line number="58" hits="393" branch="false"/>
            <line number="59" hits="153" branch="true" condition-coverage="100% (2/2)"/>
            <line number="60" hits="147" branch="false"/>
            <line number="62" hits="6" branch="false"/>
            <line number="64" hits="18" branch="false"/>
            <line number="68" hits="393" branch="false"/>
            <line number="93" hits="308" branch="false"/>
            <line number="97" hits="25" branch="false"/>
          </lines>
        </class>
      </classes>
    </package>
    <package name="client.src.components.Cropper" line-rate="0.29410000000000003" branch-rate="0.2894">
      <classes>
        <class name="cropper.jsx" filename="client\src\components\Cropper\cropper.jsx" line-rate="0.29410000000000003" branch-rate="0.2894">
          <methods>
            <method name="(anonymous_0)" hits="64" signature="()V">
              <lines>
                <line number="10" hits="64"/>
              </lines>
            </method>
            <method name="(anonymous_1)" hits="3" signature="()V">
              <lines>
                <line number="25" hits="3"/>
              </lines>
            </method>
            <method name="(anonymous_2)" hits="0" signature="()V">
              <lines>
                <line number="52" hits="0"/>
              </lines>
            </method>
            <method name="(anonymous_3)" hits="0" signature="()V">
              <lines>
                <line number="59" hits="0"/>
              </lines>
            </method>
            <method name="(anonymous_4)" hits="0" signature="()V">
              <lines>
                <line number="71" hits="0"/>
              </lines>
            </method>
            <method name="(anonymous_5)" hits="0" signature="()V">
              <lines>
                <line number="79" hits="0"/>
              </lines>
            </method>
            <method name="(anonymous_6)" hits="0" signature="()V">
              <lines>
                <line number="92" hits="0"/>
              </lines>
            </method>
            <method name="(anonymous_7)" hits="0" signature="()V">
              <lines>
                <line number="99" hits="0"/>
              </lines>
            </method>
            <method name="(anonymous_8)" hits="0" signature="()V">
              <lines>
                <line number="142" hits="0"/>
              </lines>
            </method>
            <method name="(anonymous_9)" hits="0" signature="()V">
              <lines>
                <line number="183" hits="0"/>
              </lines>
            </method>
            <method name="(anonymous_10)" hits="3" signature="()V">
              <lines>
                <line number="246" hits="3"/>
              </lines>
            </method>
          </methods>
          <lines>
            <line number="10" hits="3" branch="true" condition-coverage="100% (4/4)"/>
            <line number="11" hits="64" branch="false"/>
            <line number="16" hits="64" branch="false"/>
            <line number="17" hits="64" branch="false"/>
            <line number="19" hits="64" branch="false"/>
            <line number="20" hits="64" branch="false"/>
            <line number="21" hits="64" branch="false"/>
            <line number="23" hits="64" branch="false"/>
            <line number="25" hits="64" branch="false"/>
            <line number="26" hits="3" branch="false"/>
            <line number="27" hits="3" branch="false"/>
            <line number="28" hits="3" branch="false"/>
            <line number="29" hits="3" branch="false"/>
            <line number="30" hits="3" branch="false"/>
            <line number="31" hits="3" branch="false"/>
            <line number="32" hits="3" branch="false"/>
            <line number="33" hits="3" branch="false"/>
            <line number="34" hits="3" branch="true" condition-coverage="50% (1/2)"/>
            <line number="51" hits="0" branch="false"/>
            <line number="52" hits="0" branch="false"/>
            <line number="53" hits="0" branch="false"/>
            <line number="58" hits="3" branch="false"/>
            <line number="59" hits="3" branch="false"/>
            <line number="62" hits="0" branch="false"/>
            <line number="64" hits="0" branch="true" condition-coverage="0% (0/7)"/>
            <line number="65" hits="0" branch="false"/>
            <line number="71" hits="0" branch="false"/>
            <line number="72" hits="0" branch="false"/>
            <line number="74" hits="0" branch="true" condition-coverage="0% (0/6)"/>
            <line number="75" hits="0" branch="false"/>
            <line number="76" hits="0" branch="false"/>
            <line number="79" hits="0" branch="false"/>
            <line number="80" hits="0" branch="false"/>
            <line number="84" hits="0" branch="true" condition-coverage="0% (0/2)"/>
            <line number="85" hits="0" branch="true" condition-coverage="0% (0/2)"/>
            <line number="86" hits="0" branch="false"/>
            <line number="92" hits="0" branch="false"/>
            <line number="93" hits="0" branch="false"/>
            <line number="95" hits="0" branch="false"/>
            <line number="96" hits="0" branch="false"/>
            <line number="99" hits="0" branch="false"/>
            <line number="100" hits="0" branch="false"/>
            <line number="103" hits="0" branch="false"/>
            <line number="104" hits="0" branch="false"/>
            <line number="109" hits="0" branch="false"/>
            <line number="110" hits="0" branch="false"/>
            <line number="111" hits="0" branch="false"/>
            <line number="113" hits="0" branch="true" condition-coverage="0% (0/2)"/>
            <line number="114" hits="0" branch="false"/>
            <line number="122" hits="0" branch="false"/>
            <line number="124" hits="0" branch="true" condition-coverage="0% (0/2)"/>
            <line number="125" hits="0" branch="false"/>
            <line number="126" hits="0" branch="false"/>
            <line number="128" hits="0" branch="false"/>
            <line number="136" hits="0" branch="false"/>
            <line number="142" hits="64" branch="false"/>
            <line number="143" hits="0" branch="false"/>
            <line number="144" hits="0" branch="false"/>
            <line number="145" hits="0" branch="false"/>
            <line number="146" hits="0" branch="false"/>
            <line number="147" hits="0" branch="false"/>
            <line number="148" hits="0" branch="true" condition-coverage="0% (0/2)"/>
            <line number="149" hits="0" branch="false"/>
            <line number="150" hits="0" branch="false"/>
            <line number="152" hits="0" branch="true" condition-coverage="0% (0/2)"/>
            <line number="153" hits="0" branch="false"/>
            <line number="154" hits="0" branch="false"/>
            <line number="155" hits="0" branch="false"/>
            <line number="163" hits="0" branch="false"/>
            <line number="164" hits="0" branch="false"/>
            <line number="165" hits="0" branch="false"/>
            <line number="174" hits="0" branch="false"/>
            <line number="175" hits="0" branch="false"/>
            <line number="176" hits="0" branch="false"/>
            <line number="177" hits="0" branch="false"/>
            <line number="178" hits="0" branch="false"/>
            <line number="179" hits="0" branch="false"/>
            <line number="183" hits="64" branch="false"/>
            <line number="184" hits="0" branch="false"/>
            <line number="185" hits="0" branch="false"/>
            <line number="186" hits="0" branch="false"/>
            <line number="189" hits="64" branch="true" condition-coverage="50% (1/2)"/>
            <line number="190" hits="0" branch="false"/>
            <line number="237" hits="64" branch="false"/>
            <line number="247" hits="3" branch="false"/>
          </lines>
        </class>
      </classes>
    </package>
    <package name="client.src.components.ErrorMessage" line-rate="1" branch-rate="1">
      <classes>
        <class name="ErrorMessage.jsx" filename="client\src\components\ErrorMessage\ErrorMessage.jsx" line-rate="1" branch-rate="1">
          <methods>
            <method name="(anonymous_0)" hits="99" signature="()V">
              <lines>
                <line number="3" hits="99"/>
              </lines>
            </method>
          </methods>
          <lines>
            <line number="3" hits="8" branch="false"/>
            <line number="4" hits="99" branch="false"/>
          </lines>
        </class>
      </classes>
    </package>
    <package name="client.src.components.Loader" line-rate="1" branch-rate="1">
      <classes>
        <class name="Loader.jsx" filename="client\src\components\Loader\Loader.jsx" line-rate="1" branch-rate="1">
          <methods>
            <method name="(anonymous_0)" hits="39" signature="()V">
              <lines>
                <line number="2" hits="39"/>
              </lines>
            </method>
          </methods>
          <lines>
            <line number="2" hits="39" branch="false"/>
          </lines>
        </class>
      </classes>
    </package>
    <package name="client.src.components.NavBar" line-rate="0.7272" branch-rate="0.25">
      <classes>
        <class name="NavBar.jsx" filename="client\src\components\NavBar\NavBar.jsx" line-rate="0.7272" branch-rate="0.25">
          <methods>
            <method name="(anonymous_0)" hits="3" signature="()V">
              <lines>
                <line number="5" hits="3"/>
              </lines>
            </method>
            <method name="(anonymous_1)" hits="0" signature="()V">
              <lines>
                <line number="9" hits="0"/>
              </lines>
            </method>
            <method name="(anonymous_2)" hits="1" signature="()V">
              <lines>
                <line number="15" hits="1"/>
              </lines>
            </method>
          </methods>
          <lines>
            <line number="5" hits="1" branch="false"/>
            <line number="6" hits="3" branch="false"/>
            <line number="7" hits="3" branch="false"/>
            <line number="9" hits="3" branch="false"/>
            <line number="10" hits="0" branch="true" condition-coverage="0% (0/2)"/>
            <line number="11" hits="0" branch="false"/>
            <line number="15" hits="3" branch="false"/>
            <line number="16" hits="1" branch="false"/>
            <line number="19" hits="3" branch="true" condition-coverage="50% (1/2)"/>
            <line number="20" hits="0" branch="false"/>
            <line number="23" hits="3" branch="false"/>
          </lines>
        </class>
      </classes>
    </package>
    <package name="client.src.components.PostPage" line-rate="1" branch-rate="1">
      <classes>
        <class name="PostPageComponent.jsx" filename="client\src\components\PostPage\PostPageComponent.jsx" line-rate="1" branch-rate="1">
          <methods>
            <method name="(anonymous_0)" hits="60" signature="()V">
              <lines>
                <line number="9" hits="60"/>
              </lines>
            </method>
            <method name="(anonymous_1)" hits="18" signature="()V">
              <lines>
                <line number="26" hits="18"/>
              </lines>
            </method>
            <method name="(anonymous_2)" hits="17" signature="()V">
              <lines>
                <line number="37" hits="17"/>
              </lines>
            </method>
            <method name="(anonymous_3)" hits="1" signature="()V">
              <lines>
                <line number="41" hits="1"/>
              </lines>
            </method>
            <method name="(anonymous_4)" hits="14" signature="()V">
              <lines>
                <line number="49" hits="14"/>
              </lines>
            </method>
            <method name="(anonymous_5)" hits="13" signature="()V">
              <lines>
                <line number="60" hits="13"/>
              </lines>
            </method>
            <method name="(anonymous_6)" hits="1" signature="()V">
              <lines>
                <line number="70" hits="1"/>
              </lines>
            </method>
            <method name="(anonymous_7)" hits="0" signature="()V">
              <lines>
                <line number="73" hits="0"/>
              </lines>
            </method>
            <method name="(anonymous_8)" hits="17" signature="()V">
              <lines>
                <line number="77" hits="17"/>
              </lines>
            </method>
            <method name="(anonymous_9)" hits="16" signature="()V">
              <lines>
                <line number="89" hits="16"/>
              </lines>
            </method>
            <method name="(anonymous_10)" hits="14" signature="()V">
              <lines>
                <line number="103" hits="14"/>
              </lines>
            </method>
            <method name="(anonymous_11)" hits="2" signature="()V">
              <lines>
                <line number="116" hits="2"/>
              </lines>
            </method>
            <method name="(anonymous_12)" hits="1" signature="()V">
              <lines>
                <line number="123" hits="1"/>
              </lines>
            </method>
            <method name="(anonymous_13)" hits="6" signature="()V">
              <lines>
                <line number="130" hits="6"/>
              </lines>
            </method>
            <method name="(anonymous_14)" hits="3" signature="()V">
              <lines>
                <line number="135" hits="3"/>
              </lines>
            </method>
            <method name="(anonymous_15)" hits="2" signature="()V">
              <lines>
                <line number="145" hits="2"/>
              </lines>
            </method>
            <method name="(anonymous_16)" hits="1" signature="()V">
              <lines>
                <line number="155" hits="1"/>
              </lines>
            </method>
            <method name="(anonymous_17)" hits="0" signature="()V">
              <lines>
                <line number="158" hits="0"/>
              </lines>
            </method>
            <method name="(anonymous_18)" hits="7" signature="()V">
              <lines>
                <line number="164" hits="7"/>
              </lines>
            </method>
            <method name="(anonymous_19)" hits="0" signature="()V">
              <lines>
                <line number="171" hits="0"/>
              </lines>
            </method>
            <method name="(anonymous_20)" hits="0" signature="()V">
              <lines>
                <line number="176" hits="0"/>
              </lines>
            </method>
            <method name="(anonymous_21)" hits="4" signature="()V">
              <lines>
                <line number="192" hits="4"/>
              </lines>
            </method>
            <method name="(anonymous_22)" hits="1" signature="()V">
              <lines>
                <line number="206" hits="1"/>
              </lines>
            </method>
            <method name="(anonymous_23)" hits="0" signature="()V">
              <lines>
                <line number="209" hits="0"/>
              </lines>
            </method>
            <method name="(anonymous_24)" hits="56" signature="()V">
              <lines>
                <line number="391" hits="56"/>
              </lines>
            </method>
          </methods>
          <lines>
            <line number="9" hits="1" branch="false"/>
            <line number="10" hits="60" branch="false"/>
            <line number="11" hits="60" branch="false"/>
            <line number="12" hits="60" branch="false"/>
            <line number="13" hits="60" branch="false"/>
            <line number="14" hits="60" branch="false"/>
            <line number="15" hits="60" branch="false"/>
            <line number="16" hits="60" branch="false"/>
            <line number="19" hits="60" branch="false"/>
            <line number="20" hits="60" branch="false"/>
            <line number="21" hits="60" branch="false"/>
            <line number="22" hits="60" branch="false"/>
            <line number="23" hits="60" branch="false"/>
            <line number="26" hits="60" branch="false"/>
            <line number="27" hits="18" branch="false"/>
            <line number="38" hits="17" branch="false"/>
            <line number="39" hits="17" branch="false"/>
            <line number="42" hits="1" branch="false"/>
            <line number="43" hits="1" branch="false"/>
            <line number="44" hits="1" branch="false"/>
            <line number="49" hits="60" branch="false"/>
            <line number="50" hits="14" branch="false"/>
            <line number="61" hits="13" branch="false"/>
            <line number="62" hits="13" branch="true" condition-coverage="100% (2/2)"/>
            <line number="63" hits="3" branch="false"/>
            <line number="64" hits="3" branch="false"/>
            <line number="65" hits="3" branch="false"/>
            <line number="67" hits="10" branch="false"/>
            <line number="68" hits="10" branch="false"/>
            <line number="71" hits="1" branch="false"/>
            <line number="72" hits="1" branch="false"/>
            <line number="73" hits="1" branch="false"/>
            <line number="77" hits="60" branch="false"/>
            <line number="78" hits="17" branch="false"/>
            <line number="90" hits="16" branch="false"/>
            <line number="91" hits="16" branch="false"/>
            <line number="92" hits="16" branch="false"/>
            <line number="104" hits="14" branch="false"/>
            <line number="105" hits="14" branch="true" condition-coverage="100% (2/2)"/>
            <line number="106" hits="1" branch="false"/>
            <line number="108" hits="13" branch="false"/>
            <line number="111" hits="14" branch="false"/>
            <line number="114" hits="14" branch="false"/>
            <line number="117" hits="2" branch="false"/>
            <line number="118" hits="2" branch="false"/>
            <line number="120" hits="2" branch="false"/>
            <line number="124" hits="1" branch="false"/>
            <line number="125" hits="1" branch="false"/>
            <line number="127" hits="17" branch="false"/>
            <line number="130" hits="60" branch="false"/>
            <line number="131" hits="6" branch="false"/>
            <line number="132" hits="6" branch="false"/>
            <line number="135" hits="60" branch="false"/>
            <line number="136" hits="3" branch="false"/>
            <line number="137" hits="3" branch="false"/>
            <line number="146" hits="2" branch="false"/>
            <line number="147" hits="2" branch="false"/>
            <line number="148" hits="2" branch="true" condition-coverage="100% (2/2)"/>
            <line number="149" hits="1" branch="false"/>
            <line number="151" hits="1" branch="false"/>
            <line number="153" hits="2" branch="false"/>
            <line number="156" hits="1" branch="false"/>
            <line number="157" hits="1" branch="false"/>
            <line number="158" hits="1" branch="false"/>
            <line number="159" hits="1" branch="false"/>
            <line number="160" hits="1" branch="false"/>
            <line number="164" hits="60" branch="false"/>
            <line number="167" hits="7" branch="false"/>
            <line number="168" hits="7" branch="false"/>
            <line number="169" hits="7" branch="true" condition-coverage="100% (2/2)"/>
            <line number="170" hits="1" branch="false"/>
            <line number="171" hits="1" branch="false"/>
            <line number="172" hits="1" branch="false"/>
            <line number="174" hits="6" branch="true" condition-coverage="100% (2/2)"/>
            <line number="175" hits="1" branch="false"/>
            <line number="176" hits="1" branch="false"/>
            <line number="177" hits="1" branch="false"/>
            <line number="179" hits="5" branch="false"/>
            <line number="180" hits="5" branch="false"/>
            <line number="193" hits="4" branch="false"/>
            <line number="194" hits="4" branch="true" condition-coverage="100% (2/2)"/>
            <line number="195" hits="1" branch="false"/>
            <line number="197" hits="3" branch="false"/>
            <line number="202" hits="4" branch="false"/>
            <line number="203" hits="4" branch="false"/>
            <line number="204" hits="4" branch="false"/>
            <line number="207" hits="1" branch="false"/>
            <line number="208" hits="1" branch="false"/>
            <line number="209" hits="1" branch="false"/>
            <line number="213" hits="60" branch="true" condition-coverage="100% (2/2)"/>
            <line number="214" hits="18" branch="false"/>
            <line number="217" hits="42" branch="true" condition-coverage="100% (2/2)"/>
            <line number="218" hits="4" branch="false"/>
            <line number="221" hits="38" branch="false"/>
            <line number="392" hits="56" branch="false"/>
          </lines>
        </class>
      </classes>
    </package>
    <package name="client.src.components.PostUser" line-rate="1" branch-rate="1">
      <classes>
        <class name="PostUser.jsx" filename="client\src\components\PostUser\PostUser.jsx" line-rate="1" branch-rate="1">
          <methods>
            <method name="(anonymous_0)" hits="9" signature="()V">
              <lines>
                <line number="5" hits="9"/>
              </lines>
            </method>
            <method name="(anonymous_1)" hits="5" signature="()V">
              <lines>
                <line number="11" hits="5"/>
              </lines>
            </method>
            <method name="(anonymous_2)" hits="3" signature="()V">
              <lines>
                <line number="22" hits="3"/>
              </lines>
            </method>
            <method name="(anonymous_3)" hits="2" signature="()V">
              <lines>
                <line number="28" hits="2"/>
              </lines>
            </method>
          </methods>
          <lines>
            <line number="5" hits="2" branch="true" condition-coverage="100% (1/1)"/>
            <line number="6" hits="9" branch="false"/>
            <line number="7" hits="9" branch="false"/>
            <line number="9" hits="9" branch="false"/>
            <line number="11" hits="9" branch="false"/>
            <line number="12" hits="5" branch="false"/>
            <line number="23" hits="3" branch="false"/>
            <line number="24" hits="3" branch="false"/>
            <line number="26" hits="3" branch="false"/>
            <line number="29" hits="2" branch="false"/>
            <line number="30" hits="2" branch="false"/>
            <line number="32" hits="2" branch="false"/>
            <line number="36" hits="9" branch="true" condition-coverage="100% (2/2)"/>
            <line number="37" hits="7" branch="false"/>
            <line number="40" hits="2" branch="true" condition-coverage="100% (2/2)"/>
            <line number="41" hits="1" branch="false"/>
            <line number="48" hits="1" branch="false"/>
          </lines>
        </class>
      </classes>
    </package>
    <package name="client.src.components.PostsTable" line-rate="1" branch-rate="0.909">
      <classes>
        <class name="PostsTable.jsx" filename="client\src\components\PostsTable\PostsTable.jsx" line-rate="1" branch-rate="0.909">
          <methods>
            <method name="(anonymous_0)" hits="12" signature="()V">
              <lines>
                <line number="5" hits="12"/>
              </lines>
            </method>
            <method name="(anonymous_1)" hits="20" signature="()V">
              <lines>
                <line number="15" hits="20"/>
              </lines>
            </method>
          </methods>
          <lines>
            <line number="5" hits="5" branch="true" condition-coverage="100% (2/2)"/>
            <line number="9" hits="12" branch="false"/>
            <line number="16" hits="20" branch="false"/>
          </lines>
        </class>
      </classes>
    </package>
    <package name="client.src.components.Search" line-rate="1" branch-rate="1">
      <classes>
        <class name="Search.jsx" filename="client\src\components\Search\Search.jsx" line-rate="1" branch-rate="1">
          <methods>
            <method name="(anonymous_0)" hits="6" signature="()V">
              <lines>
                <line number="6" hits="6"/>
              </lines>
            </method>
            <method name="(anonymous_1)" hits="3" signature="()V">
              <lines>
                <line number="11" hits="3"/>
              </lines>
            </method>
            <method name="(anonymous_2)" hits="1" signature="()V">
              <lines>
                <line number="22" hits="1"/>
              </lines>
            </method>
            <method name="(anonymous_3)" hits="2" signature="()V">
              <lines>
                <line number="27" hits="2"/>
              </lines>
            </method>
            <method name="(anonymous_4)" hits="2" signature="()V">
              <lines>
                <line number="46" hits="2"/>
              </lines>
            </method>
          </methods>
          <lines>
            <line number="6" hits="1" branch="false"/>
            <line number="7" hits="6" branch="false"/>
            <line number="8" hits="6" branch="false"/>
            <line number="9" hits="6" branch="false"/>
            <line number="11" hits="6" branch="false"/>
            <line number="12" hits="3" branch="false"/>
            <line number="23" hits="1" branch="false"/>
            <line number="24" hits="1" branch="false"/>
            <line number="25" hits="1" branch="false"/>
            <line number="28" hits="2" branch="false"/>
            <line number="29" hits="2" branch="false"/>
            <line number="31" hits="2" branch="false"/>
            <line number="34" hits="6" branch="true" condition-coverage="100% (2/2)"/>
            <line number="35" hits="3" branch="false"/>
            <line number="38" hits="3" branch="false"/>
            <line number="47" hits="2" branch="false"/>
          </lines>
        </class>
      </classes>
    </package>
    <package name="client.src.context" line-rate="1" branch-rate="1">
      <classes>
        <class name="AuthContext.js" filename="client\src\context\AuthContext.js" line-rate="1" branch-rate="1">
          <methods>
          </methods>
          <lines>
            <line number="3" hits="8" branch="false"/>
          </lines>
        </class>
      </classes>
    </package>
    <package name="client.src.hooks" line-rate="0.9393" branch-rate="0.8">
      <classes>
        <class name="auth.hook.js" filename="client\src\hooks\auth.hook.js" line-rate="0.92" branch-rate="0.8332999999999999">
          <methods>
            <method name="useAuth" hits="7" signature="()V">
              <lines>
                <line number="3" hits="7"/>
              </lines>
            </method>
            <method name="(anonymous_1)" hits="3" signature="()V">
              <lines>
                <line number="7" hits="3"/>
              </lines>
            </method>
            <method name="(anonymous_2)" hits="1" signature="()V">
              <lines>
                <line number="20" hits="1"/>
              </lines>
            </method>
            <method name="(anonymous_3)" hits="2" signature="()V">
              <lines>
                <line number="26" hits="2"/>
              </lines>
            </method>
          </methods>
          <lines>
            <line number="4" hits="7" branch="false"/>
            <line number="5" hits="7" branch="false"/>
            <line number="6" hits="7" branch="false"/>
            <line number="7" hits="7" branch="false"/>
            <line number="8" hits="3" branch="false"/>
            <line number="9" hits="3" branch="false"/>
            <line number="10" hits="3" branch="false"/>
            <line number="11" hits="3" branch="false"/>
            <line number="20" hits="7" branch="false"/>
            <line number="21" hits="1" branch="false"/>
            <line number="22" hits="1" branch="false"/>
            <line number="23" hits="1" branch="false"/>
            <line number="26" hits="7" branch="false"/>
            <line number="27" hits="2" branch="false"/>
            <line number="28" hits="2" branch="true" condition-coverage="100% (4/4)"/>
            <line number="29" hits="1" branch="false"/>
            <line number="30" hits="1" branch="false"/>
            <line number="31" hits="1" branch="false"/>
            <line number="32" hits="1" branch="false"/>
            <line number="33" hits="1" branch="false"/>
            <line number="34" hits="1" branch="true" condition-coverage="50% (1/2)"/>
            <line number="35" hits="0" branch="false"/>
            <line number="36" hits="0" branch="false"/>
            <line number="39" hits="2" branch="false"/>
            <line number="42" hits="7" branch="false"/>
          </lines>
        </class>
        <class name="use.theme.js" filename="client\src\hooks\use.theme.js" line-rate="1" branch-rate="0.75">
          <methods>
            <method name="(anonymous_0)" hits="59" signature="()V">
              <lines>
                <line number="7" hits="59"/>
              </lines>
            </method>
            <method name="(anonymous_1)" hits="18" signature="()V">
              <lines>
                <line number="12" hits="18"/>
              </lines>
            </method>
          </methods>
          <lines>
            <line number="3" hits="2" branch="false"/>
            <line number="4" hits="2" branch="true" condition-coverage="50% (1/2)"/>
            <line number="7" hits="2" branch="false"/>
            <line number="8" hits="59" branch="false"/>
            <line number="12" hits="59" branch="false"/>
            <line number="13" hits="18" branch="false"/>
            <line number="14" hits="18" branch="false"/>
            <line number="17" hits="59" branch="false"/>
          </lines>
        </class>
      </classes>
    </package>
    <package name="client.src.pages.AddPostPage" line-rate="0.3809" branch-rate="0.4285">
      <classes>
        <class name="AddPostPage.jsx" filename="client\src\pages\AddPostPage\AddPostPage.jsx" line-rate="0.3809" branch-rate="0.4285">
          <methods>
            <method name="(anonymous_0)" hits="7" signature="()V">
              <lines>
                <line number="10" hits="7"/>
              </lines>
            </method>
            <method name="(anonymous_1)" hits="0" signature="()V">
              <lines>
                <line number="22" hits="0"/>
              </lines>
            </method>
            <method name="(anonymous_2)" hits="2" signature="()V">
              <lines>
                <line number="28" hits="2"/>
              </lines>
            </method>
            <method name="(anonymous_3)" hits="0" signature="()V">
              <lines>
                <line number="32" hits="0"/>
              </lines>
            </method>
            <method name="(anonymous_4)" hits="0" signature="()V">
              <lines>
                <line number="37" hits="0"/>
              </lines>
            </method>
            <method name="(anonymous_5)" hits="0" signature="()V">
              <lines>
                <line number="44" hits="0"/>
              </lines>
            </method>
            <method name="(anonymous_6)" hits="0" signature="()V">
              <lines>
                <line number="61" hits="0"/>
              </lines>
            </method>
            <method name="(anonymous_7)" hits="0" signature="()V">
              <lines>
                <line number="67" hits="0"/>
              </lines>
            </method>
            <method name="(anonymous_8)" hits="0" signature="()V">
              <lines>
                <line number="72" hits="0"/>
              </lines>
            </method>
            <method name="(anonymous_9)" hits="1" signature="()V">
              <lines>
                <line number="89" hits="1"/>
              </lines>
            </method>
            <method name="(anonymous_10)" hits="0" signature="()V">
              <lines>
                <line number="96" hits="0"/>
              </lines>
            </method>
          </methods>
          <lines>
            <line number="10" hits="1" branch="false"/>
            <line number="11" hits="7" branch="false"/>
            <line number="12" hits="6" branch="false"/>
            <line number="13" hits="6" branch="false"/>
            <line number="14" hits="6" branch="false"/>
            <line number="15" hits="6" branch="false"/>
            <line number="22" hits="6" branch="false"/>
            <line number="23" hits="0" branch="false"/>
            <line number="24" hits="0" branch="false"/>
            <line number="25" hits="0" branch="false"/>
            <line number="28" hits="6" branch="false"/>
            <line number="29" hits="2" branch="false"/>
            <line number="30" hits="2" branch="true" condition-coverage="50% (2/4)"/>
            <line number="31" hits="2" branch="false"/>
            <line number="32" hits="2" branch="false"/>
            <line number="33" hits="2" branch="false"/>
            <line number="35" hits="0" branch="true" condition-coverage="0% (0/2)"/>
            <line number="36" hits="0" branch="false"/>
            <line number="37" hits="0" branch="false"/>
            <line number="38" hits="0" branch="false"/>
            <line number="41" hits="0" branch="true" condition-coverage="0% (0/2)"/>
            <line number="42" hits="0" branch="false"/>
            <line number="43" hits="0" branch="false"/>
            <line number="44" hits="0" branch="false"/>
            <line number="45" hits="0" branch="false"/>
            <line number="47" hits="0" branch="false"/>
            <line number="48" hits="0" branch="false"/>
            <line number="49" hits="0" branch="false"/>
            <line number="50" hits="0" branch="false"/>
            <line number="51" hits="0" branch="false"/>
            <line number="62" hits="0" branch="false"/>
            <line number="63" hits="0" branch="false"/>
            <line number="67" hits="0" branch="false"/>
            <line number="70" hits="0" branch="false"/>
            <line number="71" hits="0" branch="false"/>
            <line number="72" hits="0" branch="false"/>
            <line number="73" hits="0" branch="false"/>
            <line number="77" hits="6" branch="true" condition-coverage="50% (1/2)"/>
            <line number="78" hits="0" branch="false"/>
            <line number="81" hits="6" branch="false"/>
            <line number="89" hits="1" branch="false"/>
            <line number="96" hits="0" branch="false"/>
          </lines>
        </class>
      </classes>
    </package>
    <package name="client.src.pages.AnotherUserPage" line-rate="1" branch-rate="1">
      <classes>
        <class name="AnotherUserPage.jsx" filename="client\src\pages\AnotherUserPage\AnotherUserPage.jsx" line-rate="1" branch-rate="1">
          <methods>
            <method name="(anonymous_0)" hits="1" signature="()V">
              <lines>
                <line number="6" hits="1"/>
              </lines>
            </method>
          </methods>
          <lines>
            <line number="7" hits="1" branch="false"/>
          </lines>
        </class>
      </classes>
    </package>
    <package name="client.src.pages.AuthPage" line-rate="0.92" branch-rate="0.9444">
      <classes>
        <class name="AuthPage.jsx" filename="client\src\pages\AuthPage\AuthPage.jsx" line-rate="0.92" branch-rate="0.9444">
          <methods>
            <method name="(anonymous_0)" hits="137" signature="()V">
              <lines>
                <line number="8" hits="137"/>
              </lines>
            </method>
            <method name="(anonymous_1)" hits="58" signature="()V">
              <lines>
                <line number="20" hits="58"/>
              </lines>
            </method>
            <method name="(anonymous_2)" hits="35" signature="()V">
              <lines>
                <line number="27" hits="35"/>
              </lines>
            </method>
            <method name="(anonymous_3)" hits="0" signature="()V">
              <lines>
                <line number="32" hits="0"/>
              </lines>
            </method>
            <method name="(anonymous_4)" hits="0" signature="()V">
              <lines>
                <line number="39" hits="0"/>
              </lines>
            </method>
            <method name="(anonymous_5)" hits="0" signature="()V">
              <lines>
                <line number="44" hits="0"/>
              </lines>
            </method>
            <method name="(anonymous_6)" hits="0" signature="()V">
              <lines>
                <line number="51" hits="0"/>
              </lines>
            </method>
            <method name="(anonymous_7)" hits="0" signature="()V">
              <lines>
                <line number="56" hits="0"/>
              </lines>
            </method>
            <method name="(anonymous_8)" hits="0" signature="()V">
              <lines>
                <line number="71" hits="0"/>
              </lines>
            </method>
            <method name="(anonymous_9)" hits="7" signature="()V">
              <lines>
                <line number="76" hits="7"/>
              </lines>
            </method>
            <method name="(anonymous_10)" hits="0" signature="()V">
              <lines>
                <line number="79" hits="0"/>
              </lines>
            </method>
            <method name="(anonymous_11)" hits="0" signature="()V">
              <lines>
                <line number="84" hits="0"/>
              </lines>
            </method>
          </methods>
          <lines>
            <line number="8" hits="2" branch="false"/>
            <line number="9" hits="137" branch="false"/>
            <line number="13" hits="137" branch="false"/>
            <line number="14" hits="137" branch="false"/>
            <line number="15" hits="137" branch="false"/>
            <line number="16" hits="137" branch="false"/>
            <line number="17" hits="137" branch="false"/>
            <line number="18" hits="137" branch="false"/>
            <line number="20" hits="137" branch="false"/>
            <line number="21" hits="58" branch="false"/>
            <line number="22" hits="58" branch="false"/>
            <line number="25" hits="137" branch="false"/>
            <line number="27" hits="137" branch="false"/>
            <line number="28" hits="35" branch="false"/>
            <line number="29" hits="35" branch="false"/>
            <line number="30" hits="35" branch="true" condition-coverage="100% (4/4)"/>
            <line number="31" hits="11" branch="false"/>
            <line number="32" hits="11" branch="false"/>
            <line number="33" hits="11" branch="false"/>
            <line number="35" hits="24" branch="true" condition-coverage="100% (2/2)"/>
            <line number="36" hits="8" branch="false"/>
            <line number="39" hits="8" branch="false"/>
            <line number="40" hits="8" branch="false"/>
            <line number="42" hits="16" branch="true" condition-coverage="100% (2/2)"/>
            <line number="43" hits="5" branch="false"/>
            <line number="44" hits="5" branch="false"/>
            <line number="45" hits="5" branch="false"/>
            <line number="47" hits="11" branch="true" condition-coverage="100% (2/2)"/>
            <line number="48" hits="2" branch="false"/>
            <line number="51" hits="2" branch="false"/>
            <line number="52" hits="2" branch="false"/>
            <line number="54" hits="9" branch="true" condition-coverage="100% (2/2)"/>
            <line number="55" hits="2" branch="false"/>
            <line number="56" hits="2" branch="false"/>
            <line number="57" hits="2" branch="false"/>
            <line number="59" hits="7" branch="false"/>
            <line number="60" hits="7" branch="false"/>
            <line number="61" hits="7" branch="false"/>
            <line number="72" hits="0" branch="false"/>
            <line number="73" hits="0" branch="false"/>
            <line number="74" hits="0" branch="false"/>
            <line number="77" hits="7" branch="false"/>
            <line number="78" hits="7" branch="false"/>
            <line number="79" hits="7" branch="false"/>
            <line number="80" hits="7" branch="false"/>
            <line number="84" hits="137" branch="false"/>
            <line number="85" hits="0" branch="false"/>
            <line number="87" hits="137" branch="false"/>
            <line number="88" hits="137" branch="false"/>
            <line number="90" hits="137" branch="false"/>
          </lines>
        </class>
      </classes>
    </package>
    <package name="client.src.pages.PopularPage" line-rate="1" branch-rate="0.9166">
      <classes>
        <class name="PopularPage.jsx" filename="client\src\pages\PopularPage\PopularPage.jsx" line-rate="1" branch-rate="0.9166">
          <methods>
            <method name="(anonymous_0)" hits="7" signature="()V">
              <lines>
                <line number="7" hits="7"/>
              </lines>
            </method>
            <method name="(anonymous_1)" hits="3" signature="()V">
              <lines>
                <line number="13" hits="3"/>
              </lines>
            </method>
            <method name="(anonymous_2)" hits="2" signature="()V">
              <lines>
                <line number="26" hits="2"/>
              </lines>
            </method>
            <method name="(anonymous_3)" hits="1" signature="()V">
              <lines>
                <line number="31" hits="1"/>
              </lines>
            </method>
            <method name="(anonymous_4)" hits="1" signature="()V">
              <lines>
                <line number="70" hits="1"/>
              </lines>
            </method>
          </methods>
          <lines>
            <line number="7" hits="2" branch="false"/>
            <line number="8" hits="7" branch="false"/>
            <line number="9" hits="6" branch="false"/>
            <line number="10" hits="6" branch="false"/>
            <line number="11" hits="6" branch="false"/>
            <line number="13" hits="6" branch="false"/>
            <line number="14" hits="3" branch="false"/>
            <line number="15" hits="3" branch="false"/>
            <line number="27" hits="2" branch="false"/>
            <line number="28" hits="2" branch="false"/>
            <line number="29" hits="2" branch="false"/>
            <line number="32" hits="1" branch="false"/>
            <line number="33" hits="1" branch="false"/>
            <line number="38" hits="6" branch="true" condition-coverage="100% (2/2)"/>
            <line number="39" hits="3" branch="false"/>
            <line number="42" hits="3" branch="true" condition-coverage="100% (2/2)"/>
            <line number="43" hits="1" branch="false"/>
            <line number="51" hits="2" branch="true" condition-coverage="100% (2/2)"/>
            <line number="52" hits="1" branch="false"/>
            <line number="61" hits="1" branch="false"/>
            <line number="71" hits="1" branch="false"/>
          </lines>
        </class>
      </classes>
    </package>
    <package name="client.src.pages.PostPage" line-rate="1" branch-rate="1">
      <classes>
        <class name="PostPage.jsx" filename="client\src\pages\PostPage\PostPage.jsx" line-rate="1" branch-rate="1">
          <methods>
            <method name="(anonymous_0)" hits="18" signature="()V">
              <lines>
                <line number="5" hits="18"/>
              </lines>
            </method>
          </methods>
          <lines>
            <line number="6" hits="18" branch="false"/>
          </lines>
        </class>
      </classes>
    </package>
    <package name="client.src.pages.ProfilePage" line-rate="1" branch-rate="1">
      <classes>
        <class name="ProfilePage.jsx" filename="client\src\pages\ProfilePage\ProfilePage.jsx" line-rate="1" branch-rate="1">
          <methods>
            <method name="(anonymous_0)" hits="1" signature="()V">
              <lines>
                <line number="5" hits="1"/>
              </lines>
            </method>
          </methods>
          <lines>
            <line number="5" hits="1" branch="false"/>
            <line number="6" hits="1" branch="false"/>
            <line number="8" hits="1" branch="false"/>
          </lines>
        </class>
      </classes>
    </package>
    <package name="client.src.pages.RegPage" line-rate="0.9782" branch-rate="0.9473">
      <classes>
        <class name="RegPage.jsx" filename="client\src\pages\RegPage\RegPage.jsx" line-rate="0.9782" branch-rate="0.9473">
          <methods>
            <method name="(anonymous_0)" hits="167" signature="()V">
              <lines>
                <line number="8" hits="167"/>
              </lines>
            </method>
            <method name="(anonymous_1)" hits="61" signature="()V">
              <lines>
                <line number="18" hits="61"/>
              </lines>
            </method>
            <method name="(anonymous_2)" hits="36" signature="()V">
              <lines>
                <line number="23" hits="36"/>
              </lines>
            </method>
            <method name="(anonymous_3)" hits="0" signature="()V">
              <lines>
                <line number="28" hits="0"/>
              </lines>
            </method>
            <method name="(anonymous_4)" hits="0" signature="()V">
              <lines>
                <line number="35" hits="0"/>
              </lines>
            </method>
            <method name="(anonymous_5)" hits="0" signature="()V">
              <lines>
                <line number="40" hits="0"/>
              </lines>
            </method>
            <method name="(anonymous_6)" hits="0" signature="()V">
              <lines>
                <line number="47" hits="0"/>
              </lines>
            </method>
            <method name="(anonymous_7)" hits="0" signature="()V">
              <lines>
                <line number="52" hits="0"/>
              </lines>
            </method>
            <method name="(anonymous_8)" hits="1" signature="()V">
              <lines>
                <line number="69" hits="1"/>
              </lines>
            </method>
            <method name="(anonymous_9)" hits="0" signature="()V">
              <lines>
                <line number="75" hits="0"/>
              </lines>
            </method>
            <method name="(anonymous_10)" hits="0" signature="()V">
              <lines>
                <line number="81" hits="0"/>
              </lines>
            </method>
            <method name="(anonymous_11)" hits="24" signature="()V">
              <lines>
                <line number="118" hits="24"/>
              </lines>
            </method>
          </methods>
          <lines>
            <line number="8" hits="1" branch="false"/>
            <line number="9" hits="167" branch="false"/>
            <line number="14" hits="166" branch="false"/>
            <line number="15" hits="166" branch="false"/>
            <line number="16" hits="166" branch="false"/>
            <line number="18" hits="166" branch="false"/>
            <line number="19" hits="61" branch="false"/>
            <line number="20" hits="61" branch="false"/>
            <line number="23" hits="166" branch="false"/>
            <line number="24" hits="36" branch="false"/>
            <line number="25" hits="36" branch="false"/>
            <line number="26" hits="36" branch="true" condition-coverage="100% (5/5)"/>
            <line number="27" hits="19" branch="false"/>
            <line number="28" hits="19" branch="false"/>
            <line number="29" hits="19" branch="false"/>
            <line number="31" hits="17" branch="true" condition-coverage="100% (2/2)"/>
            <line number="32" hits="4" branch="false"/>
            <line number="35" hits="4" branch="false"/>
            <line number="36" hits="4" branch="false"/>
            <line number="38" hits="13" branch="true" condition-coverage="100% (2/2)"/>
            <line number="39" hits="2" branch="false"/>
            <line number="40" hits="2" branch="false"/>
            <line number="41" hits="2" branch="false"/>
            <line number="43" hits="11" branch="true" condition-coverage="100% (2/2)"/>
            <line number="44" hits="1" branch="false"/>
            <line number="47" hits="1" branch="false"/>
            <line number="48" hits="1" branch="false"/>
            <line number="50" hits="10" branch="true" condition-coverage="100% (2/2)"/>
            <line number="51" hits="2" branch="false"/>
            <line number="52" hits="2" branch="false"/>
            <line number="53" hits="2" branch="false"/>
            <line number="55" hits="8" branch="false"/>
            <line number="56" hits="8" branch="false"/>
            <line number="58" hits="8" branch="false"/>
            <line number="59" hits="8" branch="false"/>
            <line number="70" hits="1" branch="false"/>
            <line number="71" hits="1" branch="false"/>
            <line number="75" hits="1" branch="false"/>
            <line number="78" hits="7" branch="false"/>
            <line number="79" hits="7" branch="false"/>
            <line number="80" hits="7" branch="false"/>
            <line number="81" hits="7" branch="false"/>
            <line number="85" hits="166" branch="true" condition-coverage="50% (1/2)"/>
            <line number="86" hits="0" branch="false"/>
            <line number="89" hits="166" branch="false"/>
            <line number="118" hits="24" branch="false"/>
          </lines>
        </class>
      </classes>
    </package>
    <package name="client.src.pages.SearchPage" line-rate="1" branch-rate="1">
      <classes>
        <class name="SearchPage.jsx" filename="client\src\pages\SearchPage\SearchPage.jsx" line-rate="1" branch-rate="1">
          <methods>
            <method name="(anonymous_0)" hits="3" signature="()V">
              <lines>
                <line number="5" hits="3"/>
              </lines>
            </method>
          </methods>
          <lines>
            <line number="6" hits="3" branch="false"/>
          </lines>
        </class>
      </classes>
    </package>
    <package name="client.src.pages.SettingsPage" line-rate="0.8020999999999999" branch-rate="0.9209999999999999">
      <classes>
        <class name="SettingPage.jsx" filename="client\src\pages\SettingsPage\SettingPage.jsx" line-rate="0.8020999999999999" branch-rate="0.9209999999999999">
          <methods>
            <method name="(anonymous_0)" hits="58" signature="()V">
              <lines>
                <line number="12" hits="58"/>
              </lines>
            </method>
            <method name="(anonymous_1)" hits="18" signature="()V">
              <lines>
                <line number="31" hits="18"/>
              </lines>
            </method>
            <method name="(anonymous_2)" hits="0" signature="()V">
              <lines>
                <line number="38" hits="0"/>
              </lines>
            </method>
            <method name="(anonymous_3)" hits="1" signature="()V">
              <lines>
                <line number="46" hits="1"/>
              </lines>
            </method>
            <method name="(anonymous_4)" hits="15" signature="()V">
              <lines>
                <line number="51" hits="15"/>
              </lines>
            </method>
            <method name="(anonymous_5)" hits="0" signature="()V">
              <lines>
                <line number="61" hits="0"/>
              </lines>
            </method>
            <method name="(anonymous_6)" hits="0" signature="()V">
              <lines>
                <line number="66" hits="0"/>
              </lines>
            </method>
            <method name="(anonymous_7)" hits="0" signature="()V">
              <lines>
                <line number="71" hits="0"/>
              </lines>
            </method>
            <method name="(anonymous_8)" hits="0" signature="()V">
              <lines>
                <line number="76" hits="0"/>
              </lines>
            </method>
            <method name="(anonymous_9)" hits="0" signature="()V">
              <lines>
                <line number="81" hits="0"/>
              </lines>
            </method>
            <method name="(anonymous_10)" hits="0" signature="()V">
              <lines>
                <line number="88" hits="0"/>
              </lines>
            </method>
            <method name="(anonymous_11)" hits="0" signature="()V">
              <lines>
                <line number="95" hits="0"/>
              </lines>
            </method>
            <method name="(anonymous_12)" hits="0" signature="()V">
              <lines>
                <line number="101" hits="0"/>
              </lines>
            </method>
            <method name="(anonymous_13)" hits="0" signature="()V">
              <lines>
                <line number="106" hits="0"/>
              </lines>
            </method>
            <method name="(anonymous_14)" hits="0" signature="()V">
              <lines>
                <line number="111" hits="0"/>
              </lines>
            </method>
            <method name="(anonymous_15)" hits="0" signature="()V">
              <lines>
                <line number="116" hits="0"/>
              </lines>
            </method>
            <method name="(anonymous_16)" hits="0" signature="()V">
              <lines>
                <line number="132" hits="0"/>
              </lines>
            </method>
            <method name="(anonymous_17)" hits="0" signature="()V">
              <lines>
                <line number="136" hits="0"/>
              </lines>
            </method>
            <method name="(anonymous_18)" hits="0" signature="()V">
              <lines>
                <line number="154" hits="0"/>
              </lines>
            </method>
            <method name="(anonymous_19)" hits="0" signature="()V">
              <lines>
                <line number="220" hits="0"/>
              </lines>
            </method>
            <method name="(anonymous_20)" hits="1" signature="()V">
              <lines>
                <line number="255" hits="1"/>
              </lines>
            </method>
          </methods>
          <lines>
            <line number="12" hits="1" branch="false"/>
            <line number="13" hits="58" branch="false"/>
            <line number="14" hits="57" branch="false"/>
            <line number="15" hits="57" branch="false"/>
            <line number="16" hits="57" branch="false"/>
            <line number="28" hits="57" branch="false"/>
            <line number="29" hits="57" branch="false"/>
            <line number="31" hits="57" branch="false"/>
            <line number="32" hits="18" branch="false"/>
            <line number="33" hits="18" branch="false"/>
            <line number="36" hits="57" branch="false"/>
            <line number="38" hits="57" branch="false"/>
            <line number="39" hits="0" branch="false"/>
            <line number="42" hits="57" branch="false"/>
            <line number="43" hits="57" branch="false"/>
            <line number="44" hits="57" branch="false"/>
            <line number="46" hits="57" branch="false"/>
            <line number="47" hits="1" branch="false"/>
            <line number="48" hits="1" branch="false"/>
            <line number="51" hits="57" branch="false"/>
            <line number="52" hits="15" branch="false"/>
            <line number="53" hits="15" branch="false"/>
            <line number="54" hits="15" branch="false"/>
            <line number="55" hits="15" branch="false"/>
            <line number="56" hits="15" branch="false"/>
            <line number="57" hits="15" branch="true" condition-coverage="100% (4/4)"/>
            <line number="58" hits="1" branch="false"/>
            <line number="61" hits="1" branch="false"/>
            <line number="62" hits="1" branch="false"/>
            <line number="64" hits="14" branch="true" condition-coverage="100% (2/2)"/>
            <line number="65" hits="1" branch="false"/>
            <line number="66" hits="1" branch="false"/>
            <line number="67" hits="1" branch="false"/>
            <line number="69" hits="13" branch="true" condition-coverage="100% (4/4)"/>
            <line number="70" hits="1" branch="false"/>
            <line number="71" hits="1" branch="false"/>
            <line number="72" hits="1" branch="false"/>
            <line number="74" hits="12" branch="true" condition-coverage="100% (4/4)"/>
            <line number="75" hits="1" branch="false"/>
            <line number="76" hits="1" branch="false"/>
            <line number="77" hits="1" branch="false"/>
            <line number="79" hits="11" branch="true" condition-coverage="100% (4/4)"/>
            <line number="80" hits="1" branch="false"/>
            <line number="81" hits="1" branch="false"/>
            <line number="82" hits="1" branch="false"/>
            <line number="84" hits="10" branch="true" condition-coverage="75% (3/4)"/>
            <line number="85" hits="0" branch="false"/>
            <line number="88" hits="0" branch="false"/>
            <line number="89" hits="0" branch="false"/>
            <line number="91" hits="10" branch="true" condition-coverage="100% (4/4)"/>
            <line number="92" hits="1" branch="false"/>
            <line number="95" hits="1" branch="false"/>
            <line number="96" hits="1" branch="false"/>
            <line number="99" hits="9" branch="true" condition-coverage="100% (2/2)"/>
            <line number="100" hits="1" branch="false"/>
            <line number="101" hits="1" branch="false"/>
            <line number="102" hits="1" branch="false"/>
            <line number="104" hits="8" branch="true" condition-coverage="50% (1/2)"/>
            <line number="105" hits="0" branch="false"/>
            <line number="106" hits="0" branch="false"/>
            <line number="107" hits="0" branch="false"/>
            <line number="109" hits="8" branch="true" condition-coverage="100% (2/2)"/>
            <line number="110" hits="1" branch="false"/>
            <line number="111" hits="1" branch="false"/>
            <line number="112" hits="1" branch="false"/>
            <line number="114" hits="7" branch="true" condition-coverage="100% (2/2)"/>
            <line number="115" hits="1" branch="false"/>
            <line number="116" hits="1" branch="false"/>
            <line number="117" hits="1" branch="false"/>
            <line number="119" hits="6" branch="false"/>
            <line number="120" hits="6" branch="false"/>
            <line number="121" hits="6" branch="false"/>
            <line number="122" hits="6" branch="false"/>
            <line number="133" hits="0" branch="false"/>
            <line number="134" hits="0" branch="false"/>
            <line number="135" hits="0" branch="false"/>
            <line number="136" hits="0" branch="false"/>
            <line number="137" hits="0" branch="false"/>
            <line number="138" hits="0" branch="false"/>
            <line number="139" hits="0" branch="false"/>
            <line number="149" hits="0" branch="false"/>
            <line number="152" hits="6" branch="false"/>
            <line number="153" hits="6" branch="false"/>
            <line number="154" hits="6" branch="false"/>
            <line number="155" hits="6" branch="false"/>
            <line number="159" hits="57" branch="true" condition-coverage="50% (1/2)"/>
            <line number="160" hits="0" branch="false"/>
            <line number="161" hits="0" branch="false"/>
            <line number="164" hits="57" branch="false"/>
            <line number="220" hits="0" branch="false"/>
            <line number="255" hits="1" branch="false"/>
          </lines>
        </class>
      </classes>
    </package>
    <package name="client.src.pages.SubscribePage" line-rate="1" branch-rate="0.8">
      <classes>
        <class name="SubscribePage.jsx" filename="client\src\pages\SubscribePage\SubscribePage.jsx" line-rate="1" branch-rate="0.8">
          <methods>
            <method name="(anonymous_0)" hits="12" signature="()V">
              <lines>
                <line number="7" hits="12"/>
              </lines>
            </method>
            <method name="(anonymous_1)" hits="7" signature="()V">
              <lines>
                <line number="13" hits="7"/>
              </lines>
            </method>
            <method name="(anonymous_2)" hits="3" signature="()V">
              <lines>
                <line number="26" hits="3"/>
              </lines>
            </method>
            <method name="(anonymous_3)" hits="2" signature="()V">
              <lines>
                <line number="31" hits="2"/>
              </lines>
            </method>
          </methods>
          <lines>
            <line number="7" hits="2" branch="false"/>
            <line number="8" hits="12" branch="false"/>
            <line number="9" hits="12" branch="false"/>
            <line number="10" hits="12" branch="false"/>
            <line number="11" hits="12" branch="false"/>
            <line number="13" hits="12" branch="false"/>
            <line number="14" hits="7" branch="false"/>
            <line number="15" hits="7" branch="false"/>
            <line number="27" hits="3" branch="false"/>
            <line number="28" hits="3" branch="false"/>
            <line number="29" hits="3" branch="false"/>
            <line number="32" hits="2" branch="false"/>
            <line number="33" hits="2" branch="true" condition-coverage="50% (1/2)"/>
            <line number="34" hits="2" branch="false"/>
            <line number="35" hits="2" branch="false"/>
            <line number="43" hits="12" branch="true" condition-coverage="100% (2/2)"/>
            <line number="44" hits="7" branch="false"/>
            <line number="49" hits="5" branch="true" condition-coverage="100% (2/2)"/>
            <line number="50" hits="2" branch="false"/>
            <line number="58" hits="3" branch="true" condition-coverage="100% (2/2)"/>
            <line number="59" hits="2" branch="false"/>
            <line number="67" hits="1" branch="false"/>
          </lines>
        </class>
      </classes>
    </package>
    <package name="controllers" line-rate="0.9729000000000001" branch-rate="0.9606999999999999">
      <classes>
        <class name="auth.js" filename="controllers\auth.js" line-rate="0.9690000000000001" branch-rate="0.9031999999999999">
          <methods>
            <method name="(anonymous_0)" hits="12" signature="()V">
              <lines>
                <line number="8" hits="12"/>
              </lines>
            </method>
            <method name="(anonymous_1)" hits="6" signature="()V">
              <lines>
                <line number="74" hits="6"/>
              </lines>
            </method>
            <method name="(anonymous_2)" hits="4" signature="()V">
              <lines>
                <line number="113" hits="4"/>
              </lines>
            </method>
            <method name="(anonymous_3)" hits="3" signature="()V">
              <lines>
                <line number="159" hits="3"/>
              </lines>
            </method>
            <method name="(anonymous_4)" hits="4" signature="()V">
              <lines>
                <line number="185" hits="4"/>
              </lines>
            </method>
            <method name="(anonymous_5)" hits="4" signature="()V">
              <lines>
                <line number="229" hits="4"/>
              </lines>
            </method>
            <method name="(anonymous_6)" hits="1" signature="()V">
              <lines>
                <line number="247" hits="1"/>
              </lines>
            </method>
          </methods>
          <lines>
            <line number="8" hits="3" branch="false"/>
            <line number="9" hits="12" branch="false"/>
            <line number="11" hits="12" branch="false"/>
            <line number="12" hits="12" branch="true" condition-coverage="100% (5/5)"/>
            <line number="13" hits="7" branch="false"/>
            <line number="18" hits="5" branch="false"/>
            <line number="19" hits="4" branch="true" condition-coverage="100% (2/2)"/>
            <line number="20" hits="2" branch="false"/>
            <line number="25" hits="2" branch="false"/>
            <line number="26" hits="2" branch="true" condition-coverage="100% (2/2)"/>
            <line number="27" hits="1" branch="false"/>
            <line number="31" hits="1" branch="false"/>
            <line number="33" hits="1" branch="false"/>
            <line number="34" hits="1" branch="false"/>
            <line number="37" hits="1" branch="false"/>
            <line number="40" hits="1" branch="false"/>
            <line number="49" hits="1" branch="false"/>
            <line number="57" hits="1" branch="false"/>
            <line number="58" hits="1" branch="false"/>
            <line number="60" hits="1" branch="false"/>
            <line number="62" hits="1" branch="false"/>
            <line number="68" hits="1" branch="false"/>
            <line number="69" hits="1" branch="false"/>
            <line number="74" hits="3" branch="false"/>
            <line number="75" hits="6" branch="false"/>
            <line number="77" hits="6" branch="false"/>
            <line number="78" hits="6" branch="false"/>
            <line number="79" hits="5" branch="true" condition-coverage="100% (2/2)"/>
            <line number="80" hits="1" branch="false"/>
            <line number="86" hits="4" branch="false"/>
            <line number="87" hits="4" branch="true" condition-coverage="100% (2/2)"/>
            <line number="88" hits="2" branch="false"/>
            <line number="93" hits="2" branch="false"/>
            <line number="100" hits="2" branch="false"/>
            <line number="102" hits="2" branch="false"/>
            <line number="108" hits="1" branch="false"/>
            <line number="113" hits="3" branch="false"/>
            <line number="114" hits="4" branch="false"/>
            <line number="116" hits="4" branch="false"/>
            <line number="117" hits="4" branch="false"/>
            <line number="119" hits="4" branch="false"/>
            <line number="120" hits="3" branch="false"/>
            <line number="123" hits="3" branch="true" condition-coverage="100% (4/4)"/>
            <line number="124" hits="2" branch="false"/>
            <line number="130" hits="1" branch="false"/>
            <line number="131" hits="1" branch="false"/>
            <line number="132" hits="1" branch="true" condition-coverage="50% (1/2)"/>
            <line number="134" hits="1" branch="false"/>
            <line number="135" hits="1" branch="false"/>
            <line number="139" hits="1" branch="false"/>
            <line number="142" hits="1" branch="false"/>
            <line number="144" hits="1" branch="false"/>
            <line number="153" hits="1" branch="false"/>
            <line number="154" hits="1" branch="false"/>
            <line number="159" hits="3" branch="false"/>
            <line number="160" hits="3" branch="false"/>
            <line number="162" hits="3" branch="false"/>
            <line number="163" hits="2" branch="false"/>
            <line number="164" hits="2" branch="true" condition-coverage="100% (2/2)"/>
            <line number="165" hits="1" branch="false"/>
            <line number="171" hits="1" branch="false"/>
            <line number="173" hits="1" branch="false"/>
            <line number="179" hits="1" branch="false"/>
            <line number="180" hits="1" branch="false"/>
            <line number="185" hits="3" branch="false"/>
            <line number="186" hits="4" branch="false"/>
            <line number="188" hits="4" branch="false"/>
            <line number="190" hits="4" branch="false"/>
            <line number="191" hits="3" branch="true" condition-coverage="100% (2/2)"/>
            <line number="192" hits="2" branch="false"/>
            <line number="196" hits="1" branch="false"/>
[...]
        </class>
        <class name="getSubscriptionPosts.js" filename="controllers\getSubscriptionPosts.js" line-rate="0.9642000000000001" branch-rate="0.875">
          <methods>
            <method name="(anonymous_0)" hits="5" signature="()V">
              <lines>
                <line number="5" hits="5"/>
              </lines>
            </method>
            <method name="sortByDate" hits="1" signature="()V">
              <lines>
                <line number="55" hits="1"/>
              </lines>
            </method>
          </methods>
          <lines>
            <line number="5" hits="3" branch="false"/>
            <line number="6" hits="5" branch="false"/>
            <line number="8" hits="5" branch="false"/>
            <line number="9" hits="5" branch="false"/>
            <line number="10" hits="5" branch="false"/>
            <line number="11" hits="4" branch="true" condition-coverage="100% (2/2)"/>
            <line number="12" hits="1" branch="false"/>
            <line number="18" hits="3" branch="false"/>
            <line number="19" hits="3" branch="false"/>
            <line number="20" hits="3" branch="true" condition-coverage="100% (4/4)"/>
            <line number="21" hits="1" branch="false"/>
            <line number="25" hits="2" branch="false"/>
            <line number="26" hits="2" branch="false"/>
            <line number="27" hits="4" branch="false"/>
            <line number="28" hits="4" branch="true" condition-coverage="100% (2/2)"/>
            <line number="29" hits="2" branch="false"/>
            <line number="31" hits="2" branch="true" condition-coverage="50% (1/2)"/>
            <line number="32" hits="0" branch="false"/>
            <line number="34" hits="2" branch="false"/>
            <line number="35" hits="2" branch="false"/>
            <line number="38" hits="2" branch="true" condition-coverage="100% (4/4)"/>
            <line number="39" hits="1" branch="false"/>
            <line number="42" hits="1" branch="true" condition-coverage="50% (1/2)"/>
            <line number="43" hits="1" branch="false"/>
            <line number="45" hits="1" branch="false"/>
            <line number="50" hits="1" branch="false"/>
            <line number="51" hits="1" branch="false"/>
            <line number="56" hits="1" branch="false"/>
          </lines>
        </class>
        <class name="post.js" filename="controllers\post.js" line-rate="0.9325" branch-rate="0.95">
          <methods>
            <method name="(anonymous_0)" hits="4" signature="()V">
              <lines>
                <line number="6" hits="4"/>
              </lines>
            </method>
            <method name="(anonymous_1)" hits="4" signature="()V">
              <lines>
                <line number="39" hits="4"/>
              </lines>
            </method>
            <method name="(anonymous_2)" hits="3" signature="()V">
              <lines>
                <line number="67" hits="3"/>
              </lines>
            </method>
            <method name="(anonymous_3)" hits="2" signature="()V">
              <lines>
                <line number="76" hits="2"/>
              </lines>
            </method>
            <method name="(anonymous_4)" hits="2" signature="()V">
              <lines>
                <line number="80" hits="2"/>
              </lines>
            </method>
            <method name="(anonymous_5)" hits="2" signature="()V">
              <lines>
                <line number="82" hits="2"/>
              </lines>
            </method>
            <method name="(anonymous_6)" hits="4" signature="()V">
              <lines>
                <line number="106" hits="4"/>
              </lines>
            </method>
            <method name="(anonymous_7)" hits="4" signature="()V">
              <lines>
                <line number="132" hits="4"/>
              </lines>
            </method>
            <method name="(anonymous_8)" hits="6" signature="()V">
              <lines>
                <line number="159" hits="6"/>
              </lines>
            </method>
          </methods>
          <lines>
            <line number="6" hits="2" branch="false"/>
            <line number="7" hits="4" branch="false"/>
            <line number="8" hits="4" branch="false"/>
            <line number="9" hits="4" branch="false"/>
            <line number="10" hits="3" branch="true" condition-coverage="100% (2/2)"/>
            <line number="11" hits="1" branch="false"/>
            <line number="16" hits="2" branch="false"/>
            <line number="17" hits="2" branch="false"/>
            <line number="19" hits="2" branch="false"/>
            <line number="20" hits="2" branch="false"/>
            <line number="21" hits="2" branch="false"/>
            <line number="22" hits="2" branch="false"/>
            <line number="23" hits="2" branch="false"/>
            <line number="24" hits="2" branch="false"/>
            <line number="26" hits="2" branch="false"/>
            <line number="32" hits="1" branch="false"/>
            <line number="33" hits="1" branch="false"/>
            <line number="39" hits="2" branch="false"/>
            <line number="40" hits="4" branch="false"/>
            <line number="41" hits="4" branch="false"/>
            <line number="42" hits="4" branch="true" condition-coverage="100% (2/2)"/>
            <line number="43" hits="1" branch="false"/>
            <line number="48" hits="3" branch="false"/>
            <line number="49" hits="2" branch="true" condition-coverage="100% (4/4)"/>
            <line number="50" hits="1" branch="false"/>
            <line number="55" hits="1" branch="false"/>
            <line number="60" hits="1" branch="false"/>
            <line number="61" hits="1" branch="false"/>
            <line number="67" hits="2" branch="false"/>
            <line number="68" hits="3" branch="false"/>
            <line number="69" hits="3" branch="false"/>
            <line number="70" hits="2" branch="true" condition-coverage="100% (2/2)"/>
            <line number="71" hits="1" branch="false"/>
            <line number="75" hits="1" branch="false"/>
            <line number="77" hits="2" branch="false"/>
            <line number="80" hits="2" branch="false"/>
            <line number="81" hits="1" branch="false"/>
            <line number="83" hits="2" branch="false"/>
            <line number="87" hits="1" branch="false"/>
            <line number="88" hits="1" branch="false"/>
            <line number="89" hits="1" branch="false"/>
            <line number="90" hits="2" branch="false"/>
            <line number="91" hits="2" branch="false"/>
            <line number="94" hits="1" branch="false"/>
            <line number="99" hits="1" branch="false"/>
            <line number="100" hits="1" branch="false"/>
            <line number="106" hits="2" branch="false"/>
            <line number="107" hits="4" branch="false"/>
            <line number="108" hits="4" branch="false"/>
            <line number="109" hits="4" branch="false"/>
            <line number="111" hits="4" branch="false"/>
            <line number="112" hits="3" branch="true" condition-coverage="100% (2/2)"/>
            <line number="113" hits="1" branch="false"/>
            <line number="117" hits="2" branch="true" condition-coverage="100% (2/2)"/>
            <line number="118" hits="1" branch="false"/>
            <line number="120" hits="1" branch="false"/>
            <line number="122" hits="2" branch="false"/>
            <line number="127" hits="1" branch="false"/>
            <line number="128" hits="1" branch="false"/>
            <line number="132" hits="2" branch="false"/>
            <line number="133" hits="4" branch="false"/>
            <line number="134" hits="4" branch="false"/>
            <line number="135" hits="4" branch="false"/>
            <line number="139" hits="0" branch="false"/>
            <line number="144" hits="4" branch="true" condition-coverage="100% (2/2)"/>
            <line number="145" hits="2" branch="false"/>
            <line number="149" hits="2" branch="false"/>
            <line number="150" hits="1" branch="false"/>
            <line number="154" hits="1" branch="false"/>
            <line number="155" hits="1" branch="false"/>
            <line number="159" hits="2" branch="false"/>
            <line number="160" hits="6" branch="false"/>
            <line number="161" hits="6" branch="false"/>
            <line number="162" hits="6" branch="false"/>
            <line number="163" hits="5" branch="true" condition-coverage="100% (2/2)"/>
            <line number="164" hits="1" branch="false"/>
            <line number="168" hits="4" branch="false"/>
            <line number="169" hits="3" branch="false"/>
            <line number="170" hits="3" branch="true" condition-coverage="50% (1/2)"/>
            <line number="171" hits="0" branch="false"/>
            <line number="172" hits="0" branch="false"/>
            <line number="173" hits="0" branch="false"/>
            <line number="174" hits="0" branch="false"/>
            <line number="176" hits="3" branch="false"/>
            <line number="177" hits="2" branch="false"/>
            <line number="178" hits="2" branch="false"/>
            <line number="180" hits="0" branch="false"/>
            <line number="185" hits="5" branch="false"/>
            <line number="186" hits="5" branch="false"/>
          </lines>
        </class>
        <class name="postController.js" filename="controllers\postController.js" line-rate="1" branch-rate="1">
          <methods>
            <method name="(anonymous_0)" hits="3" signature="()V">
              <lines>
                <line number="3" hits="3"/>
              </lines>
            </method>
            <method name="(anonymous_1)" hits="3" signature="()V">
              <lines>
                <line number="34" hits="3"/>
              </lines>
            </method>
          </methods>
          <lines>
            <line number="3" hits="3" branch="false"/>
            <line number="4" hits="3" branch="false"/>
            <line number="5" hits="3" branch="false"/>
            <line number="6" hits="3" branch="true" condition-coverage="100% (4/4)"/>
            <line number="7" hits="1" branch="false"/>
            <line number="11" hits="2" branch="false"/>
            <line number="12" hits="2" branch="false"/>
            <line number="22" hits="2" branch="false"/>
            <line number="23" hits="2" branch="false"/>
            <line number="24" hits="1" branch="false"/>
            <line number="29" hits="1" branch="false"/>
            <line number="30" hits="1" branch="false"/>
            <line number="34" hits="3" branch="false"/>
            <line number="35" hits="3" branch="false"/>
            <line number="36" hits="3" branch="false"/>
            <line number="37" hits="3" branch="false"/>
            <line number="38" hits="3" branch="true" condition-coverage="100% (2/2)"/>
            <line number="39" hits="1" branch="false"/>
            <line number="43" hits="2" branch="false"/>
            <line number="44" hits="1" branch="false"/>
            <line number="46" hits="1" branch="false"/>
          </lines>
        </class>
        <class name="settings.js" filename="controllers\settings.js" line-rate="1" branch-rate="1">
          <methods>
            <method name="(anonymous_0)" hits="30" signature="()V">
              <lines>
                <line number="5" hits="30"/>
              </lines>
            </method>
          </methods>
          <lines>
            <line number="5" hits="3" branch="false"/>
            <line number="6" hits="30" branch="false"/>
            <line number="16" hits="30" branch="false"/>
            <line number="17" hits="30" branch="false"/>
            <line number="18" hits="30" branch="false"/>
            <line number="19" hits="29" branch="false"/>
            <line number="20" hits="29" branch="true" condition-coverage="100% (2/2)"/>
            <line number="21" hits="1" branch="false"/>
            <line number="26" hits="28" branch="true" condition-coverage="100% (2/2)"/>
            <line number="27" hits="18" branch="false"/>
            <line number="28" hits="18" branch="true" condition-coverage="100% (2/2)"/>
            <line number="29" hits="9" branch="false"/>
            <line number="36" hits="19" branch="true" condition-coverage="100% (2/2)"/>
            <line number="37" hits="8" branch="true" condition-coverage="100% (4/4)"/>
            <line number="39" hits="4" branch="false"/>
            <line number="45" hits="15" branch="true" condition-coverage="100% (2/2)"/>
            <line number="47" hits="11" branch="true" condition-coverage="100% (2/2)"/>
            <line number="48" hits="7" branch="false"/>
            <line number="49" hits="7" branch="true" condition-coverage="100% (2/2)"/>
            <line number="50" hits="2" branch="false"/>
            <line number="54" hits="5" branch="true" condition-coverage="100% (2/2)"/>
            <line number="55" hits="1" branch="false"/>
            <line number="61" hits="4" branch="false"/>
            <line number="67" hits="8" branch="true" condition-coverage="100% (2/2)"/>
            <line number="68" hits="3" branch="true" condition-coverage="100% (2/2)"/>
            <line number="69" hits="2" branch="false"/>
            <line number="74" hits="6" branch="false"/>
            <line number="75" hits="6" branch="true" condition-coverage="100% (4/4)"/>
            <line number="76" hits="4" branch="false"/>
            <line number="77" hits="4" branch="false"/>
            <line number="78" hits="4" branch="true" condition-coverage="100% (4/4)"/>
            <line number="79" hits="1" branch="false"/>
            <line number="85" hits="5" branch="true" condition-coverage="100% (2/2)"/>
            <line number="86" hits="2" branch="false"/>
            <line number="88" hits="5" branch="true" condition-coverage="100% (4/4)"/>
            <line number="89" hits="2" branch="false"/>
            <line number="90" hits="2" branch="false"/>
            <line number="91" hits="2" branch="false"/>
            <line number="93" hits="5" branch="true" condition-coverage="100% (2/2)"/>
            <line number="94" hits="1" branch="false"/>
            <line number="96" hits="5" branch="true" condition-coverage="100% (2/2)"/>
            <line number="97" hits="3" branch="false"/>
            <line number="98" hits="3" branch="false"/>
            <line number="100" hits="5" branch="true" condition-coverage="100% (2/2)"/>
            <line number="101" hits="2" branch="false"/>
            <line number="104" hits="5" branch="false"/>
            <line number="108" hits="1" branch="false"/>
            <line number="109" hits="1" branch="false"/>
          </lines>
        </class>
        <class name="sub.js" filename="controllers\sub.js" line-rate="1" branch-rate="1">
          <methods>
            <method name="(anonymous_0)" hits="6" signature="()V">
              <lines>
                <line number="3" hits="6"/>
              </lines>
            </method>
            <method name="(anonymous_1)" hits="2" signature="()V">
              <lines>
                <line number="22" hits="2"/>
              </lines>
            </method>
            <method name="(anonymous_2)" hits="1" signature="()V">
              <lines>
                <line number="34" hits="1"/>
              </lines>
            </method>
          </methods>
          <lines>
            <line number="3" hits="1" branch="false"/>
            <line number="4" hits="6" branch="false"/>
            <line number="6" hits="6" branch="false"/>
            <line number="8" hits="6" branch="false"/>
            <line number="9" hits="5" branch="true" condition-coverage="100% (2/2)"/>
            <line number="10" hits="2" branch="false"/>
            <line number="15" hits="3" branch="true" condition-coverage="100% (2/2)"/>
            <line number="16" hits="1" branch="false"/>
            <line number="20" hits="2" branch="false"/>
            <line number="21" hits="2" branch="false"/>
            <line number="23" hits="2" branch="false"/>
            <line number="24" hits="2" branch="false"/>
            <line number="28" hits="1" branch="false"/>
            <line number="33" hits="1" branch="false"/>
            <line number="35" hits="1" branch="false"/>
            <line number="39" hits="1" branch="false"/>
            <line number="44" hits="1" branch="false"/>
            <line number="45" hits="1" branch="false"/>
          </lines>
        </class>
      </classes>
    </package>
    <package name="models" line-rate="1" branch-rate="1">
      <classes>
        <class name="City.js" filename="models\City.js" line-rate="1" branch-rate="1">
          <methods>
          </methods>
          <lines>
            <line number="3" hits="5" branch="false"/>
          </lines>
        </class>
        <class name="Comment.js" filename="models\Comment.js" line-rate="1" branch-rate="1">
          <methods>
          </methods>
          <lines>
            <line number="3" hits="3" branch="false"/>
          </lines>
        </class>
        <class name="Post.js" filename="models\Post.js" line-rate="1" branch-rate="1">
          <methods>
          </methods>
          <lines>
            <line number="3" hits="6" branch="false"/>
          </lines>
        </class>
        <class name="User.js" filename="models\User.js" line-rate="1" branch-rate="1">
          <methods>
          </methods>
          <lines>
            <line number="3" hits="8" branch="false"/>
          </lines>
        </class>
      </classes>
    </package>
    <package name="router" line-rate="1" branch-rate="1">
      <classes>
        <class name="auth.js" filename="router\auth.js" line-rate="1" branch-rate="1">
          <methods>
          </methods>
          <lines>
            <line number="5" hits="2" branch="false"/>
            <line number="7" hits="2" branch="false"/>
            <line number="8" hits="2" branch="false"/>
            <line number="10" hits="2" branch="false"/>
            <line number="11" hits="2" branch="false"/>
            <line number="12" hits="2" branch="false"/>
            <line number="13" hits="2" branch="false"/>
          </lines>
        </class>
        <class name="city.js" filename="router\city.js" line-rate="1" branch-rate="1">
          <methods>
          </methods>
          <lines>
            <line number="4" hits="2" branch="false"/>
            <line number="6" hits="2" branch="false"/>
            <line number="7" hits="2" branch="false"/>
          </lines>
        </class>
        <class name="post.js" filename="router\post.js" line-rate="1" branch-rate="1">
          <methods>
          </methods>
          <lines>
            <line number="2" hits="2" branch="false"/>
            <line number="10" hits="2" branch="false"/>
            <line number="12" hits="2" branch="false"/>
            <line number="14" hits="2" branch="false"/>
            <line number="16" hits="2" branch="false"/>
            <line number="18" hits="2" branch="false"/>
            <line number="20" hits="2" branch="false"/>
            <line number="22" hits="2" branch="false"/>
            <line number="24" hits="2" branch="false"/>
            <line number="26" hits="2" branch="false"/>
            <line number="28" hits="2" branch="false"/>
            <line number="29" hits="2" branch="false"/>
          </lines>
        </class>
        <class name="settings.js" filename="router\settings.js" line-rate="1" branch-rate="1">
          <methods>
          </methods>
          <lines>
            <line number="4" hits="3" branch="false"/>
            <line number="6" hits="3" branch="false"/>
          </lines>
        </class>
      </classes>
    </package>
  </packages>
</coverage>
